Log file open, 12/02/20 14:12:33
LogInit: Display: Running engine for game: Lemmings
LogPlatformFile: Not using cached read wrapper
LogTaskGraph: Started task graph with 5 named threads and 20 total threads with 3 sets of task threads.
LogStats: Stats thread started at 0.177629
LogD3D11RHI: Loaded GFSDK_Aftermath_Lib.x64.dll
LogICUInternationalization: ICU TimeZone Detection - Raw Offset: +0:00, Platform Override: ''
LogPluginManager: Mounting plugin Paper2D
LogPluginManager: Mounting plugin AISupport
LogPluginManager: Mounting plugin LightPropagationVolume
LogPluginManager: Mounting plugin CameraShakePreviewer
LogPluginManager: Mounting plugin ActorLayerUtilities
LogPluginManager: Mounting plugin AnimationSharing
LogPluginManager: Mounting plugin CLionSourceCodeAccess
LogPluginManager: Mounting plugin CodeLiteSourceCodeAccess
LogPluginManager: Mounting plugin GitSourceControl
LogPluginManager: Mounting plugin KDevelopSourceCodeAccess
LogPluginManager: Mounting plugin NullSourceCodeAccess
LogPluginManager: Mounting plugin PerforceSourceControl
LogPluginManager: Mounting plugin PlasticSourceControl
LogPluginManager: Mounting plugin RiderSourceCodeAccess
LogPluginManager: Mounting plugin SubversionSourceControl
LogPluginManager: Mounting plugin UObjectPlugin
LogPluginManager: Mounting plugin VisualStudioCodeSourceCodeAccess
LogPluginManager: Mounting plugin VisualStudioSourceCodeAccess
LogPluginManager: Mounting plugin XCodeSourceCodeAccess
LogPluginManager: Mounting plugin AssetManagerEditor
LogPluginManager: Mounting plugin CryptoKeys
LogPluginManager: Mounting plugin CurveEditorTools
LogPluginManager: Mounting plugin DataValidation
LogPluginManager: Mounting plugin EditorScriptingUtilities
LogPluginManager: Mounting plugin FacialAnimation
LogPluginManager: Mounting plugin GameplayTagsEditor
LogPluginManager: Mounting plugin GeometryMode
LogPluginManager: Mounting plugin MacGraphicsSwitching
LogPluginManager: Mounting plugin MaterialAnalyzer
LogPluginManager: Mounting plugin MobileLauncherProfileWizard
LogPluginManager: Mounting plugin PluginBrowser
LogPluginManager: Mounting plugin SpeedTreeImporter
LogPluginManager: Mounting plugin DatasmithContent
LogPluginManager: Mounting plugin VariantManagerContent
LogPluginManager: Mounting plugin AlembicImporter
LogPluginManager: Mounting plugin AutomationUtils
LogPluginManager: Mounting plugin BackChannel
LogPluginManager: Mounting plugin ChaosCloth
LogPluginManager: Mounting plugin ChaosClothEditor
LogPluginManager: Mounting plugin ChaosEditor
LogPluginManager: Mounting plugin ChaosNiagara
LogPluginManager: Mounting plugin ChaosSolverPlugin
LogPluginManager: Mounting plugin CharacterAI
LogPluginManager: Mounting plugin GeometryCache
LogPluginManager: Mounting plugin GeometryCollectionPlugin
LogPluginManager: Mounting plugin GeometryProcessing
LogPluginManager: Mounting plugin PlanarCut
LogPluginManager: Mounting plugin PlatformCrypto
LogPluginManager: Mounting plugin ProxyLODPlugin
LogPluginManager: Mounting plugin SkeletalReduction
LogPluginManager: Mounting plugin Niagara
LogPluginManager: Mounting plugin MagicLeap
LogPluginManager: Mounting plugin MagicLeapLightEstimation
LogPluginManager: Mounting plugin MagicLeapMedia
LogPluginManager: Mounting plugin MagicLeapPassableWorld
LogPluginManager: Mounting plugin MLSDK
LogPluginManager: Mounting plugin AndroidMedia
LogPluginManager: Mounting plugin AvfMedia
LogPluginManager: Mounting plugin ImgMedia
LogPluginManager: Mounting plugin MediaCompositing
LogPluginManager: Mounting plugin MediaPlayerEditor
LogPluginManager: Mounting plugin WebMMedia
LogPluginManager: Mounting plugin WmfMedia
LogPluginManager: Mounting plugin MeshPainting
LogPluginManager: Mounting plugin TcpMessaging
LogPluginManager: Mounting plugin UdpMessaging
LogPluginManager: Mounting plugin ActorSequence
LogPluginManager: Mounting plugin LevelSequenceEditor
LogPluginManager: Mounting plugin MatineeToLevelSequence
LogPluginManager: Mounting plugin MovieRenderPipeline
LogPluginManager: Mounting plugin TemplateSequence
LogPluginManager: Mounting plugin NetcodeUnitTest
LogPluginManager: Mounting plugin NUTUnrealEngine4
LogPluginManager: Mounting plugin OnlineSubsystemGooglePlay
LogPluginManager: Mounting plugin OnlineSubsystemIOS
LogPluginManager: Mounting plugin OnlineSubsystem
LogPluginManager: Mounting plugin OnlineSubsystemNull
LogPluginManager: Mounting plugin OnlineSubsystemUtils
LogPluginManager: Mounting plugin LauncherChunkInstaller
LogPluginManager: Mounting plugin AndroidDeviceProfileSelector
LogPluginManager: Mounting plugin AndroidMoviePlayer
LogPluginManager: Mounting plugin AndroidPermission
LogPluginManager: Mounting plugin AppleImageUtils
LogPluginManager: Mounting plugin AppleMoviePlayer
LogPluginManager: Mounting plugin ArchVisCharacter
LogPluginManager: Mounting plugin AssetTags
LogPluginManager: Mounting plugin AudioCapture
LogPluginManager: Mounting plugin CableComponent
LogPluginManager: Mounting plugin CustomMeshComponent
LogPluginManager: Mounting plugin EditableMesh
LogPluginManager: Mounting plugin ExampleDeviceProfileSelector
LogPluginManager: Mounting plugin GoogleCloudMessaging
LogPluginManager: Mounting plugin GooglePAD
LogPluginManager: Mounting plugin IOSDeviceProfileSelector
LogPluginManager: Mounting plugin LinuxDeviceProfileSelector
LogPluginManager: Mounting plugin LocationServicesBPLibrary
LogPluginManager: Mounting plugin MobilePatchingUtils
LogPluginManager: Mounting plugin OculusVR
LogPluginManager: Mounting plugin PhysXVehicles
LogPluginManager: Mounting plugin PostSplashScreen
LogPluginManager: Mounting plugin ProceduralMeshComponent
LogPluginManager: Mounting plugin RuntimePhysXCooking
LogPluginManager: Mounting plugin SignificanceManager
LogPluginManager: Mounting plugin SoundFields
LogPluginManager: Mounting plugin SteamVR
LogPluginManager: Mounting plugin Synthesis
LogPluginManager: Mounting plugin WebMMoviePlayer
LogPluginManager: Mounting plugin WindowsMoviePlayer
LogPluginManager: Mounting plugin ScreenshotTools
LogInit: Using libcurl 7.55.1-DEV
LogInit:  - built for x86_64-pc-win32
LogInit:  - supports SSL with OpenSSL/1.1.1
LogInit:  - supports HTTP deflate (compression) using libz 1.2.8
LogInit:  - other features:
LogInit:      CURL_VERSION_SSL
LogInit:      CURL_VERSION_LIBZ
LogInit:      CURL_VERSION_IPV6
LogInit:      CURL_VERSION_ASYNCHDNS
LogInit:      CURL_VERSION_LARGEFILE
LogInit:      CURL_VERSION_IDN
LogInit:  CurlRequestOptions (configurable via config and command line):
LogInit:  - bVerifyPeer = true  - Libcurl will verify peer certificate
LogInit:  - bUseHttpProxy = false  - Libcurl will NOT use HTTP proxy
LogInit:  - bDontReuseConnections = false  - Libcurl will reuse connections
LogInit:  - MaxHostConnections = 16  - Libcurl will limit the number of connections to a host
LogInit:  - LocalHostAddr = Default
LogInit:  - BufferSize = 65536
LogOnline: OSS: Creating online subsystem instance for: NULL
LogInit: WinSock: version 1.1 (2.2), MaxSocks=32767, MaxUdp=65467
LogOnline: OSS: TryLoadSubsystemAndSetDefault: Loaded subsystem for module [NULL]
LogInit: Build: ++UE4+Release-4.25-CL-14469661
LogInit: Engine Version: 4.25.4-14469661+++UE4+Release-4.25
LogInit: Compatible Engine Version: 4.25.0-13144385+++UE4+Release-4.25
LogInit: Net CL: 13144385
LogInit: OS: Windows 10 (Release 1909) (), CPU: Intel(R) Core(TM) i5-9400F CPU @ 2.90GHz, GPU: NVIDIA GeForce GTX 1660
LogInit: Compiled (64-bit): Oct 11 2020 08:10:49
LogInit: Compiled with Visual C++: 19.24.28315.00
LogInit: Build Configuration: Development
LogInit: Branch Name: ++UE4+Release-4.25
LogInit: Command Line: 
LogInit: Base Directory: C:/Program Files/Epic Games/UE_4.25/Engine/Binaries/Win64/
LogInit: Allocator: TBB
LogInit: Installed Engine Build: 1
LogDevObjectVersion: Number of dev versions registered: 26
LogDevObjectVersion:   Dev-Blueprints (B0D832E4-1F89-4F0D-ACCF-7EB736FD4AA2): 10
LogDevObjectVersion:   Dev-Build (E1C64328-A22C-4D53-A36C-8E866417BD8C): 0
LogDevObjectVersion:   Dev-Core (375EC13C-06E4-48FB-B500-84F0262A717E): 4
LogDevObjectVersion:   Dev-Editor (E4B068ED-F494-42E9-A231-DA0B2E46BB41): 38
LogDevObjectVersion:   Dev-Framework (CFFC743F-43B0-4480-9391-14DF171D2073): 37
LogDevObjectVersion:   Dev-Mobile (B02B49B5-BB20-44E9-A304-32B752E40360): 2
LogDevObjectVersion:   Dev-Networking (A4E4105C-59A1-49B5-A7C5-40C4547EDFEE): 0
LogDevObjectVersion:   Dev-Online (39C831C9-5AE6-47DC-9A44-9C173E1C8E7C): 0
LogDevObjectVersion:   Dev-Physics (78F01B33-EBEA-4F98-B9B4-84EACCB95AA2): 4
LogDevObjectVersion:   Dev-Platform (6631380F-2D4D-43E0-8009-CF276956A95A): 0
LogDevObjectVersion:   Dev-Rendering (12F88B9F-8875-4AFC-A67C-D90C383ABD29): 43
LogDevObjectVersion:   Dev-Sequencer (7B5AE74C-D270-4C10-A958-57980B212A5A): 12
LogDevObjectVersion:   Dev-VR (D7296918-1DD6-4BDD-9DE2-64A83CC13884): 3
LogDevObjectVersion:   Dev-LoadTimes (C2A15278-BFE7-4AFE-6C17-90FF531DF755): 1
LogDevObjectVersion:   Private-Geometry (6EACA3D4-40EC-4CC1-B786-8BED09428FC5): 3
LogDevObjectVersion:   Dev-AnimPhys (29E575DD-E0A3-4627-9D10-D276232CDCEA): 17
LogDevObjectVersion:   Dev-Anim (AF43A65D-7FD3-4947-9873-3E8ED9C1BB05): 7
LogDevObjectVersion:   Dev-ReflectionCapture (6B266CEC-1EC7-4B8F-A30B-E4D90942FC07): 1
LogDevObjectVersion:   Dev-Automation (0DF73D61-A23F-47EA-B727-89E90C41499A): 1
LogDevObjectVersion:   FortniteMain (601D1886-AC64-4F84-AA16-D3DE0DEAC7D6): 31
LogDevObjectVersion:   Dev-Enterprise (9DFFBCD6-494F-0158-E221-12823C92A888): 10
LogDevObjectVersion:   Dev-Niagara (F2AED0AC-9AFE-416F-8664-AA7FFA26D6FC): 1
LogDevObjectVersion:   Dev-Destruction (174F1F0B-B4C6-45A5-B13F-2EE8D0FB917D): 10
LogDevObjectVersion:   Dev-Physics-Ext (35F94A83-E258-406C-A318-09F59610247C): 37
LogDevObjectVersion:   Dev-PhysicsMaterial-Chaos (B68FC16E-8B1B-42E2-B453-215C058844FE): 1
LogDevObjectVersion:   Dev-CineCamera (B2E18506-4273-CFC2-A54E-F4BB758BBA07): 1
LogInit: Presizing for max 25165824 objects, including 0 objects not considered by GC, pre-allocating 0 bytes for permanent pool.
LogConfig: Applying CVar settings from Section [/Script/Engine.StreamingSettings] File [C:/Users/benca/Documents/GitHub/GameJamNov2020/Lemmings/Saved/Config/Windows/Engine.ini]
LogConfig: Setting CVar [[s.MinBulkDataSizeForAsyncLoading:131072]]
LogConfig: Setting CVar [[s.AsyncLoadingThreadEnabled:0]]
LogConfig: Setting CVar [[s.EventDrivenLoaderEnabled:1]]
LogConfig: Setting CVar [[s.WarnIfTimeLimitExceeded:0]]
LogConfig: Setting CVar [[s.TimeLimitExceededMultiplier:1.5]]
LogConfig: Setting CVar [[s.TimeLimitExceededMinTime:0.005]]
LogConfig: Setting CVar [[s.UseBackgroundLevelStreaming:1]]
LogConfig: Setting CVar [[s.PriorityAsyncLoadingExtraTime:15.0]]
LogConfig: Setting CVar [[s.LevelStreamingActorsUpdateTimeLimit:5.0]]
LogConfig: Setting CVar [[s.PriorityLevelStreamingActorsUpdateExtraTime:5.0]]
LogConfig: Setting CVar [[s.LevelStreamingComponentsRegistrationGranularity:10]]
LogConfig: Setting CVar [[s.UnregisterComponentsTimeLimit:1.0]]
LogConfig: Setting CVar [[s.LevelStreamingComponentsUnregistrationGranularity:5]]
LogConfig: Setting CVar [[s.FlushStreamingOnExit:1]]
LogInit: Object subsystem initialized
LogConfig: Setting CVar [[con.DebugEarlyDefault:1]]
LogConfig: Setting CVar [[r.setres:1280x720]]
[2020.12.02-14.12.33:433][  0]LogConfig: Setting CVar [[r.VSync:0]]
[2020.12.02-14.12.33:433][  0]LogConfig: Setting CVar [[r.RHICmdBypass:0]]
[2020.12.02-14.12.33:433][  0]LogConfig: Applying CVar settings from Section [/Script/Engine.RendererSettings] File [C:/Users/benca/Documents/GitHub/GameJamNov2020/Lemmings/Saved/Config/Windows/Engine.ini]
[2020.12.02-14.12.33:433][  0]LogConfig: Setting CVar [[r.GPUCrashDebugging:0]]
[2020.12.02-14.12.33:433][  0]LogConfig: Applying CVar settings from Section [/Script/Engine.RendererOverrideSettings] File [C:/Users/benca/Documents/GitHub/GameJamNov2020/Lemmings/Saved/Config/Windows/Engine.ini]
[2020.12.02-14.12.33:433][  0]LogConfig: Applying CVar settings from Section [/Script/Engine.StreamingSettings] File [C:/Users/benca/Documents/GitHub/GameJamNov2020/Lemmings/Saved/Config/Windows/Engine.ini]
[2020.12.02-14.12.33:433][  0]LogConfig: Setting CVar [[s.MinBulkDataSizeForAsyncLoading:131072]]
[2020.12.02-14.12.33:433][  0]LogConfig: Setting CVar [[s.AsyncLoadingThreadEnabled:0]]
[2020.12.02-14.12.33:433][  0]LogConfig: Setting CVar [[s.EventDrivenLoaderEnabled:1]]
[2020.12.02-14.12.33:433][  0]LogConfig: Setting CVar [[s.WarnIfTimeLimitExceeded:0]]
[2020.12.02-14.12.33:433][  0]LogConfig: Setting CVar [[s.TimeLimitExceededMultiplier:1.5]]
[2020.12.02-14.12.33:433][  0]LogConfig: Setting CVar [[s.TimeLimitExceededMinTime:0.005]]
[2020.12.02-14.12.33:433][  0]LogConfig: Setting CVar [[s.UseBackgroundLevelStreaming:1]]
[2020.12.02-14.12.33:433][  0]LogConfig: Setting CVar [[s.PriorityAsyncLoadingExtraTime:15.0]]
[2020.12.02-14.12.33:433][  0]LogConfig: Setting CVar [[s.LevelStreamingActorsUpdateTimeLimit:5.0]]
[2020.12.02-14.12.33:433][  0]LogConfig: Setting CVar [[s.PriorityLevelStreamingActorsUpdateExtraTime:5.0]]
[2020.12.02-14.12.33:433][  0]LogConfig: Setting CVar [[s.LevelStreamingComponentsRegistrationGranularity:10]]
[2020.12.02-14.12.33:433][  0]LogConfig: Setting CVar [[s.UnregisterComponentsTimeLimit:1.0]]
[2020.12.02-14.12.33:433][  0]LogConfig: Setting CVar [[s.LevelStreamingComponentsUnregistrationGranularity:5]]
[2020.12.02-14.12.33:433][  0]LogConfig: Setting CVar [[s.FlushStreamingOnExit:1]]
[2020.12.02-14.12.33:433][  0]LogConfig: Applying CVar settings from Section [/Script/Engine.GarbageCollectionSettings] File [C:/Users/benca/Documents/GitHub/GameJamNov2020/Lemmings/Saved/Config/Windows/Engine.ini]
[2020.12.02-14.12.33:433][  0]LogConfig: Setting CVar [[gc.MaxObjectsNotConsideredByGC:1]]
[2020.12.02-14.12.33:433][  0]LogConfig: Setting CVar [[gc.SizeOfPermanentObjectPool:0]]
[2020.12.02-14.12.33:433][  0]LogConfig: Setting CVar [[gc.FlushStreamingOnGC:0]]
[2020.12.02-14.12.33:433][  0]LogConfig: Setting CVar [[gc.NumRetriesBeforeForcingGC:10]]
[2020.12.02-14.12.33:433][  0]LogConfig: Setting CVar [[gc.AllowParallelGC:1]]
[2020.12.02-14.12.33:433][  0]LogConfig: Setting CVar [[gc.TimeBetweenPurgingPendingKillObjects:61.1]]
[2020.12.02-14.12.33:433][  0]LogConfig: Setting CVar [[gc.MaxObjectsInEditor:25165824]]
[2020.12.02-14.12.33:433][  0]LogConfig: Setting CVar [[gc.IncrementalBeginDestroyEnabled:1]]
[2020.12.02-14.12.33:433][  0]LogConfig: Setting CVar [[gc.CreateGCClusters:1]]
[2020.12.02-14.12.33:433][  0]LogConfig: Setting CVar [[gc.MinGCClusterSize:5]]
[2020.12.02-14.12.33:433][  0]LogConfig: Setting CVar [[gc.ActorClusteringEnabled:0]]
[2020.12.02-14.12.33:433][  0]LogConfig: Setting CVar [[gc.BlueprintClusteringEnabled:0]]
[2020.12.02-14.12.33:433][  0]LogConfig: Setting CVar [[gc.UseDisregardForGCOnDedicatedServers:0]]
[2020.12.02-14.12.33:433][  0]LogConfig: Applying CVar settings from Section [/Script/Engine.NetworkSettings] File [C:/Users/benca/Documents/GitHub/GameJamNov2020/Lemmings/Saved/Config/Windows/Engine.ini]
[2020.12.02-14.12.33:433][  0]LogConfig: Applying CVar settings from Section [/Script/UnrealEd.CookerSettings] File [C:/Users/benca/Documents/GitHub/GameJamNov2020/Lemmings/Saved/Config/Windows/Engine.ini]
[2020.12.02-14.12.33:435][  0]LogConfig: Applying CVar settings from Section [ViewDistanceQuality@3] File [C:/Users/benca/Documents/GitHub/GameJamNov2020/Lemmings/Saved/Config/Windows/Scalability.ini]
[2020.12.02-14.12.33:435][  0]LogConfig: Setting CVar [[r.SkeletalMeshLODBias:0]]
[2020.12.02-14.12.33:436][  0]LogConfig: Setting CVar [[r.ViewDistanceScale:1.0]]
[2020.12.02-14.12.33:436][  0]LogConfig: Applying CVar settings from Section [AntiAliasingQuality@3] File [C:/Users/benca/Documents/GitHub/GameJamNov2020/Lemmings/Saved/Config/Windows/Scalability.ini]
[2020.12.02-14.12.33:436][  0]LogConfig: Setting CVar [[r.PostProcessAAQuality:4]]
[2020.12.02-14.12.33:436][  0]LogConfig: Applying CVar settings from Section [ShadowQuality@3] File [C:/Users/benca/Documents/GitHub/GameJamNov2020/Lemmings/Saved/Config/Windows/Scalability.ini]
[2020.12.02-14.12.33:436][  0]LogConfig: Setting CVar [[r.LightFunctionQuality:1]]
[2020.12.02-14.12.33:436][  0]LogConfig: Setting CVar [[r.ShadowQuality:5]]
[2020.12.02-14.12.33:436][  0]LogConfig: Setting CVar [[r.Shadow.CSM.MaxCascades:10]]
[2020.12.02-14.12.33:436][  0]LogConfig: Setting CVar [[r.Shadow.MaxResolution:2048]]
[2020.12.02-14.12.33:436][  0]LogConfig: Setting CVar [[r.Shadow.MaxCSMResolution:2048]]
[2020.12.02-14.12.33:436][  0]LogConfig: Setting CVar [[r.Shadow.RadiusThreshold:0.01]]
[2020.12.02-14.12.33:436][  0]LogConfig: Setting CVar [[r.Shadow.DistanceScale:1.0]]
[2020.12.02-14.12.33:436][  0]LogConfig: Setting CVar [[r.Shadow.CSM.TransitionScale:1.0]]
[2020.12.02-14.12.33:436][  0]LogConfig: Setting CVar [[r.Shadow.PreShadowResolutionFactor:1.0]]
[2020.12.02-14.12.33:436][  0]LogConfig: Setting CVar [[r.DistanceFieldShadowing:1]]
[2020.12.02-14.12.33:436][  0]LogConfig: Setting CVar [[r.DistanceFieldAO:1]]
[2020.12.02-14.12.33:436][  0]LogConfig: Setting CVar [[r.AOQuality:2]]
[2020.12.02-14.12.33:436][  0]LogConfig: Setting CVar [[r.VolumetricFog:1]]
[2020.12.02-14.12.33:436][  0]LogConfig: Setting CVar [[r.VolumetricFog.GridPixelSize:8]]
[2020.12.02-14.12.33:436][  0]LogConfig: Setting CVar [[r.VolumetricFog.GridSizeZ:128]]
[2020.12.02-14.12.33:436][  0]LogConfig: Setting CVar [[r.VolumetricFog.HistoryMissSupersampleCount:4]]
[2020.12.02-14.12.33:436][  0]LogConfig: Setting CVar [[r.LightMaxDrawDistanceScale:1]]
[2020.12.02-14.12.33:436][  0]LogConfig: Setting CVar [[r.CapsuleShadows:1]]
[2020.12.02-14.12.33:436][  0]LogConfig: Applying CVar settings from Section [PostProcessQuality@3] File [C:/Users/benca/Documents/GitHub/GameJamNov2020/Lemmings/Saved/Config/Windows/Scalability.ini]
[2020.12.02-14.12.33:436][  0]LogConfig: Setting CVar [[r.MotionBlurQuality:4]]
[2020.12.02-14.12.33:436][  0]LogConfig: Setting CVar [[r.AmbientOcclusionMipLevelFactor:0.4]]
[2020.12.02-14.12.33:436][  0]LogConfig: Setting CVar [[r.AmbientOcclusionMaxQuality:100]]
[2020.12.02-14.12.33:436][  0]LogConfig: Setting CVar [[r.AmbientOcclusionLevels:-1]]
[2020.12.02-14.12.33:436][  0]LogConfig: Setting CVar [[r.AmbientOcclusionRadiusScale:1.0]]
[2020.12.02-14.12.33:436][  0]LogConfig: Setting CVar [[r.DepthOfFieldQuality:2]]
[2020.12.02-14.12.33:436][  0]LogConfig: Setting CVar [[r.RenderTargetPoolMin:400]]
[2020.12.02-14.12.33:436][  0]LogConfig: Setting CVar [[r.LensFlareQuality:2]]
[2020.12.02-14.12.33:436][  0]LogConfig: Setting CVar [[r.SceneColorFringeQuality:1]]
[2020.12.02-14.12.33:436][  0]LogConfig: Setting CVar [[r.EyeAdaptationQuality:2]]
[2020.12.02-14.12.33:436][  0]LogConfig: Setting CVar [[r.BloomQuality:5]]
[2020.12.02-14.12.33:436][  0]LogConfig: Setting CVar [[r.FastBlurThreshold:100]]
[2020.12.02-14.12.33:436][  0]LogConfig: Setting CVar [[r.Upscale.Quality:3]]
[2020.12.02-14.12.33:436][  0]LogConfig: Setting CVar [[r.Tonemapper.GrainQuantization:1]]
[2020.12.02-14.12.33:436][  0]LogConfig: Setting CVar [[r.LightShaftQuality:1]]
[2020.12.02-14.12.33:436][  0]LogConfig: Setting CVar [[r.Filter.SizeScale:1]]
[2020.12.02-14.12.33:436][  0]LogConfig: Setting CVar [[r.Tonemapper.Quality:5]]
[2020.12.02-14.12.33:436][  0]LogConfig: Setting CVar [[r.DOF.Gather.AccumulatorQuality:1        ; higher gathering accumulator quality]]
[2020.12.02-14.12.33:436][  0]LogConfig: Setting CVar [[r.DOF.Gather.PostfilterMethod:1          ; Median3x3 postfilering method]]
[2020.12.02-14.12.33:436][  0]LogConfig: Setting CVar [[r.DOF.Gather.EnableBokehSettings:0       ; no bokeh simulation when gathering]]
[2020.12.02-14.12.33:436][  0]LogConfig: Setting CVar [[r.DOF.Gather.RingCount:4                 ; medium number of samples when gathering]]
[2020.12.02-14.12.33:436][  0]LogConfig: Setting CVar [[r.DOF.Scatter.ForegroundCompositing:1    ; additive foreground scattering]]
[2020.12.02-14.12.33:436][  0]LogConfig: Setting CVar [[r.DOF.Scatter.BackgroundCompositing:2    ; additive background scattering]]
[2020.12.02-14.12.33:436][  0]LogConfig: Setting CVar [[r.DOF.Scatter.EnableBokehSettings:1      ; bokeh simulation when scattering]]
[2020.12.02-14.12.33:436][  0]LogConfig: Setting CVar [[r.DOF.Scatter.MaxSpriteRatio:0.1         ; only a maximum of 10% of scattered bokeh]]
[2020.12.02-14.12.33:436][  0]LogConfig: Setting CVar [[r.DOF.Recombine.Quality:1                ; cheap slight out of focus]]
[2020.12.02-14.12.33:436][  0]LogConfig: Setting CVar [[r.DOF.Recombine.EnableBokehSettings:0    ; no bokeh simulation on slight out of focus]]
[2020.12.02-14.12.33:436][  0]LogConfig: Setting CVar [[r.DOF.TemporalAAQuality:1                ; more stable temporal accumulation]]
[2020.12.02-14.12.33:436][  0]LogConfig: Setting CVar [[r.DOF.Kernel.MaxForegroundRadius:0.025]]
[2020.12.02-14.12.33:436][  0]LogConfig: Setting CVar [[r.DOF.Kernel.MaxBackgroundRadius:0.025]]
[2020.12.02-14.12.33:436][  0]LogConfig: Applying CVar settings from Section [TextureQuality@3] File [C:/Users/benca/Documents/GitHub/GameJamNov2020/Lemmings/Saved/Config/Windows/Scalability.ini]
[2020.12.02-14.12.33:436][  0]LogConfig: Setting CVar [[r.Streaming.MipBias:0]]
[2020.12.02-14.12.33:436][  0]LogConfig: Setting CVar [[r.Streaming.AmortizeCPUToGPUCopy:0]]
[2020.12.02-14.12.33:436][  0]LogConfig: Setting CVar [[r.Streaming.MaxNumTexturesToStreamPerFrame:0]]
[2020.12.02-14.12.33:436][  0]LogConfig: Setting CVar [[r.Streaming.Boost:1]]
[2020.12.02-14.12.33:436][  0]LogConfig: Setting CVar [[r.MaxAnisotropy:8]]
[2020.12.02-14.12.33:436][  0]LogConfig: Setting CVar [[r.VT.MaxAnisotropy:8]]
[2020.12.02-14.12.33:436][  0]LogConfig: Setting CVar [[r.Streaming.LimitPoolSizeToVRAM:0]]
[2020.12.02-14.12.33:436][  0]LogConfig: Setting CVar [[r.Streaming.PoolSize:1000]]
[2020.12.02-14.12.33:436][  0]LogConfig: Setting CVar [[r.Streaming.MaxEffectiveScreenSize:0]]
[2020.12.02-14.12.33:436][  0]LogConfig: Applying CVar settings from Section [EffectsQuality@3] File [C:/Users/benca/Documents/GitHub/GameJamNov2020/Lemmings/Saved/Config/Windows/Scalability.ini]
[2020.12.02-14.12.33:436][  0]LogConfig: Setting CVar [[r.TranslucencyLightingVolumeDim:64]]
[2020.12.02-14.12.33:436][  0]LogConfig: Setting CVar [[r.RefractionQuality:2]]
[2020.12.02-14.12.33:436][  0]LogConfig: Setting CVar [[r.SSR.Quality:3]]
[2020.12.02-14.12.33:436][  0]LogConfig: Setting CVar [[r.SSR.HalfResSceneColor:0]]
[2020.12.02-14.12.33:436][  0]LogConfig: Setting CVar [[r.SceneColorFormat:4]]
[2020.12.02-14.12.33:436][  0]LogConfig: Setting CVar [[r.DetailMode:2]]
[2020.12.02-14.12.33:436][  0]LogConfig: Setting CVar [[r.TranslucencyVolumeBlur:1]]
[2020.12.02-14.12.33:436][  0]LogConfig: Setting CVar [[r.MaterialQualityLevel:1 ; High quality]]
[2020.12.02-14.12.33:436][  0]LogConfig: Setting CVar [[r.SSS.Scale:1]]
[2020.12.02-14.12.33:436][  0]LogConfig: Setting CVar [[r.SSS.SampleSet:2]]
[2020.12.02-14.12.33:436][  0]LogConfig: Setting CVar [[r.SSS.Quality:1]]
[2020.12.02-14.12.33:436][  0]LogConfig: Setting CVar [[r.SSS.HalfRes:0]]
[2020.12.02-14.12.33:436][  0]LogConfig: Setting CVar [[r.SSGI.Quality:3]]
[2020.12.02-14.12.33:436][  0]LogConfig: Setting CVar [[r.EmitterSpawnRateScale:1.0]]
[2020.12.02-14.12.33:436][  0]LogConfig: Setting CVar [[r.ParticleLightQuality:2]]
[2020.12.02-14.12.33:436][  0]LogConfig: Setting CVar [[r.SkyAtmosphere.AerialPerspectiveLUT.FastApplyOnOpaque:1 ; Always have FastSkyLUT 1 in this case to avoid wrong sky]]
[2020.12.02-14.12.33:436][  0]LogConfig: Setting CVar [[r.SkyAtmosphere.AerialPerspectiveLUT.SampleCountPerSlice:1]]
[2020.12.02-14.12.33:436][  0]LogConfig: Setting CVar [[r.SkyAtmosphere.AerialPerspectiveLUT.DepthResolution:16.0]]
[2020.12.02-14.12.33:436][  0]LogConfig: Setting CVar [[r.SkyAtmosphere.FastSkyLUT:1]]
[2020.12.02-14.12.33:436][  0]LogConfig: Setting CVar [[r.SkyAtmosphere.FastSkyLUT.SampleCountMin:4.0]]
[2020.12.02-14.12.33:437][  0]LogConfig: Setting CVar [[r.SkyAtmosphere.FastSkyLUT.SampleCountMax:32.0]]
[2020.12.02-14.12.33:437][  0]LogConfig: Setting CVar [[r.SkyAtmosphere.SampleCountMin:4.0]]
[2020.12.02-14.12.33:437][  0]LogConfig: Setting CVar [[r.SkyAtmosphere.SampleCountMax:32.0]]
[2020.12.02-14.12.33:437][  0]LogConfig: Setting CVar [[r.SkyAtmosphere.TransmittanceLUT.UseSmallFormat:0]]
[2020.12.02-14.12.33:437][  0]LogConfig: Setting CVar [[r.SkyAtmosphere.TransmittanceLUT.SampleCount:10.0]]
[2020.12.02-14.12.33:437][  0]LogConfig: Setting CVar [[r.SkyAtmosphere.MultiScatteringLUT.SampleCount:15.0]]
[2020.12.02-14.12.33:437][  0]LogConfig: Applying CVar settings from Section [FoliageQuality@3] File [C:/Users/benca/Documents/GitHub/GameJamNov2020/Lemmings/Saved/Config/Windows/Scalability.ini]
[2020.12.02-14.12.33:437][  0]LogConfig: Setting CVar [[foliage.DensityScale:1.0]]
[2020.12.02-14.12.33:437][  0]LogConfig: Setting CVar [[grass.DensityScale:1.0]]
[2020.12.02-14.12.33:437][  0]LogConfig: Applying CVar settings from Section [ShadingQuality@3] File [C:/Users/benca/Documents/GitHub/GameJamNov2020/Lemmings/Saved/Config/Windows/Scalability.ini]
[2020.12.02-14.12.33:437][  0]LogConfig: Setting CVar [[r.HairStrands.SkyLighting.SampleCount:16]]
[2020.12.02-14.12.33:437][  0]LogConfig: Setting CVar [[r.HairStrands.SkyLighting.JitterIntegration:0]]
[2020.12.02-14.12.33:437][  0]LogConfig: Setting CVar [[r.HairStrands.SkyAO.SampleCount:16]]
[2020.12.02-14.12.33:437][  0]LogConfig: Setting CVar [[r.HairStrands.DeepShadow.SuperSampling:0]]
[2020.12.02-14.12.33:437][  0]LogConfig: Setting CVar [[r.HairStrands.VisibilityPPLL:0]]
[2020.12.02-14.12.33:437][  0]LogConfig: Setting CVar [[r.HairStrands.RasterizationScale:0.5]]
[2020.12.02-14.12.33:437][  0]LogConfig: Setting CVar [[r.HairStrands.VelocityRasterizationScale:1]]
[2020.12.02-14.12.33:437][  0]LogInit: Selected Device Profile: [Windows]
[2020.12.02-14.12.33:437][  0]LogInit: Applying CVar settings loaded from the selected device profile: [Windows]
[2020.12.02-14.12.33:437][  0]LogHAL: Display: Platform has ~ 16 GB [17125584896 / 17179869184 / 16], which maps to Larger [LargestMinGB=32, LargerMinGB=12, DefaultMinGB=8, SmallerMinGB=6, SmallestMinGB=0)
[2020.12.02-14.12.33:437][  0]LogInit: Going up to parent DeviceProfile []
[2020.12.02-14.12.33:437][  0]LogConfig: Applying CVar settings from Section [ViewDistanceQuality@3] File [C:/Users/benca/Documents/GitHub/GameJamNov2020/Lemmings/Saved/Config/Windows/Scalability.ini]
[2020.12.02-14.12.33:437][  0]LogConfig: Setting CVar [[r.SkeletalMeshLODBias:0]]
[2020.12.02-14.12.33:437][  0]LogConfig: Setting CVar [[r.ViewDistanceScale:1.0]]
[2020.12.02-14.12.33:437][  0]LogConfig: Applying CVar settings from Section [AntiAliasingQuality@3] File [C:/Users/benca/Documents/GitHub/GameJamNov2020/Lemmings/Saved/Config/Windows/Scalability.ini]
[2020.12.02-14.12.33:437][  0]LogConfig: Setting CVar [[r.PostProcessAAQuality:4]]
[2020.12.02-14.12.33:437][  0]LogConfig: Applying CVar settings from Section [ShadowQuality@3] File [C:/Users/benca/Documents/GitHub/GameJamNov2020/Lemmings/Saved/Config/Windows/Scalability.ini]
[2020.12.02-14.12.33:437][  0]LogConfig: Setting CVar [[r.LightFunctionQuality:1]]
[2020.12.02-14.12.33:437][  0]LogConfig: Setting CVar [[r.ShadowQuality:5]]
[2020.12.02-14.12.33:437][  0]LogConfig: Setting CVar [[r.Shadow.CSM.MaxCascades:10]]
[2020.12.02-14.12.33:437][  0]LogConfig: Setting CVar [[r.Shadow.MaxResolution:2048]]
[2020.12.02-14.12.33:437][  0]LogConfig: Setting CVar [[r.Shadow.MaxCSMResolution:2048]]
[2020.12.02-14.12.33:437][  0]LogConfig: Setting CVar [[r.Shadow.RadiusThreshold:0.01]]
[2020.12.02-14.12.33:437][  0]LogConfig: Setting CVar [[r.Shadow.DistanceScale:1.0]]
[2020.12.02-14.12.33:437][  0]LogConfig: Setting CVar [[r.Shadow.CSM.TransitionScale:1.0]]
[2020.12.02-14.12.33:437][  0]LogConfig: Setting CVar [[r.Shadow.PreShadowResolutionFactor:1.0]]
[2020.12.02-14.12.33:437][  0]LogConfig: Setting CVar [[r.DistanceFieldShadowing:1]]
[2020.12.02-14.12.33:437][  0]LogConfig: Setting CVar [[r.DistanceFieldAO:1]]
[2020.12.02-14.12.33:437][  0]LogConfig: Setting CVar [[r.AOQuality:2]]
[2020.12.02-14.12.33:437][  0]LogConfig: Setting CVar [[r.VolumetricFog:1]]
[2020.12.02-14.12.33:437][  0]LogConfig: Setting CVar [[r.VolumetricFog.GridPixelSize:8]]
[2020.12.02-14.12.33:437][  0]LogConfig: Setting CVar [[r.VolumetricFog.GridSizeZ:128]]
[2020.12.02-14.12.33:437][  0]LogConfig: Setting CVar [[r.VolumetricFog.HistoryMissSupersampleCount:4]]
[2020.12.02-14.12.33:437][  0]LogConfig: Setting CVar [[r.LightMaxDrawDistanceScale:1]]
[2020.12.02-14.12.33:437][  0]LogConfig: Setting CVar [[r.CapsuleShadows:1]]
[2020.12.02-14.12.33:437][  0]LogConfig: Applying CVar settings from Section [PostProcessQuality@3] File [C:/Users/benca/Documents/GitHub/GameJamNov2020/Lemmings/Saved/Config/Windows/Scalability.ini]
[2020.12.02-14.12.33:437][  0]LogConfig: Setting CVar [[r.MotionBlurQuality:4]]
[2020.12.02-14.12.33:437][  0]LogConfig: Setting CVar [[r.AmbientOcclusionMipLevelFactor:0.4]]
[2020.12.02-14.12.33:437][  0]LogConfig: Setting CVar [[r.AmbientOcclusionMaxQuality:100]]
[2020.12.02-14.12.33:437][  0]LogConfig: Setting CVar [[r.AmbientOcclusionLevels:-1]]
[2020.12.02-14.12.33:437][  0]LogConfig: Setting CVar [[r.AmbientOcclusionRadiusScale:1.0]]
[2020.12.02-14.12.33:437][  0]LogConfig: Setting CVar [[r.DepthOfFieldQuality:2]]
[2020.12.02-14.12.33:437][  0]LogConfig: Setting CVar [[r.RenderTargetPoolMin:400]]
[2020.12.02-14.12.33:437][  0]LogConfig: Setting CVar [[r.LensFlareQuality:2]]
[2020.12.02-14.12.33:437][  0]LogConfig: Setting CVar [[r.SceneColorFringeQuality:1]]
[2020.12.02-14.12.33:437][  0]LogConfig: Setting CVar [[r.EyeAdaptationQuality:2]]
[2020.12.02-14.12.33:437][  0]LogConfig: Setting CVar [[r.BloomQuality:5]]
[2020.12.02-14.12.33:437][  0]LogConfig: Setting CVar [[r.FastBlurThreshold:100]]
[2020.12.02-14.12.33:437][  0]LogConfig: Setting CVar [[r.Upscale.Quality:3]]
[2020.12.02-14.12.33:437][  0]LogConfig: Setting CVar [[r.Tonemapper.GrainQuantization:1]]
[2020.12.02-14.12.33:437][  0]LogConfig: Setting CVar [[r.LightShaftQuality:1]]
[2020.12.02-14.12.33:437][  0]LogConfig: Setting CVar [[r.Filter.SizeScale:1]]
[2020.12.02-14.12.33:437][  0]LogConfig: Setting CVar [[r.Tonemapper.Quality:5]]
[2020.12.02-14.12.33:437][  0]LogConfig: Setting CVar [[r.DOF.Gather.AccumulatorQuality:1        ; higher gathering accumulator quality]]
[2020.12.02-14.12.33:437][  0]LogConfig: Setting CVar [[r.DOF.Gather.PostfilterMethod:1          ; Median3x3 postfilering method]]
[2020.12.02-14.12.33:437][  0]LogConfig: Setting CVar [[r.DOF.Gather.EnableBokehSettings:0       ; no bokeh simulation when gathering]]
[2020.12.02-14.12.33:437][  0]LogConfig: Setting CVar [[r.DOF.Gather.RingCount:4                 ; medium number of samples when gathering]]
[2020.12.02-14.12.33:437][  0]LogConfig: Setting CVar [[r.DOF.Scatter.ForegroundCompositing:1    ; additive foreground scattering]]
[2020.12.02-14.12.33:437][  0]LogConfig: Setting CVar [[r.DOF.Scatter.BackgroundCompositing:2    ; additive background scattering]]
[2020.12.02-14.12.33:437][  0]LogConfig: Setting CVar [[r.DOF.Scatter.EnableBokehSettings:1      ; bokeh simulation when scattering]]
[2020.12.02-14.12.33:437][  0]LogConfig: Setting CVar [[r.DOF.Scatter.MaxSpriteRatio:0.1         ; only a maximum of 10% of scattered bokeh]]
[2020.12.02-14.12.33:437][  0]LogConfig: Setting CVar [[r.DOF.Recombine.Quality:1                ; cheap slight out of focus]]
[2020.12.02-14.12.33:437][  0]LogConfig: Setting CVar [[r.DOF.Recombine.EnableBokehSettings:0    ; no bokeh simulation on slight out of focus]]
[2020.12.02-14.12.33:437][  0]LogConfig: Setting CVar [[r.DOF.TemporalAAQuality:1                ; more stable temporal accumulation]]
[2020.12.02-14.12.33:437][  0]LogConfig: Setting CVar [[r.DOF.Kernel.MaxForegroundRadius:0.025]]
[2020.12.02-14.12.33:437][  0]LogConfig: Setting CVar [[r.DOF.Kernel.MaxBackgroundRadius:0.025]]
[2020.12.02-14.12.33:437][  0]LogConfig: Applying CVar settings from Section [TextureQuality@3] File [C:/Users/benca/Documents/GitHub/GameJamNov2020/Lemmings/Saved/Config/Windows/Scalability.ini]
[2020.12.02-14.12.33:437][  0]LogConfig: Setting CVar [[r.Streaming.MipBias:0]]
[2020.12.02-14.12.33:438][  0]LogConfig: Setting CVar [[r.Streaming.AmortizeCPUToGPUCopy:0]]
[2020.12.02-14.12.33:438][  0]LogConfig: Setting CVar [[r.Streaming.MaxNumTexturesToStreamPerFrame:0]]
[2020.12.02-14.12.33:438][  0]LogConfig: Setting CVar [[r.Streaming.Boost:1]]
[2020.12.02-14.12.33:438][  0]LogConfig: Setting CVar [[r.MaxAnisotropy:8]]
[2020.12.02-14.12.33:438][  0]LogConfig: Setting CVar [[r.VT.MaxAnisotropy:8]]
[2020.12.02-14.12.33:438][  0]LogConfig: Setting CVar [[r.Streaming.LimitPoolSizeToVRAM:0]]
[2020.12.02-14.12.33:438][  0]LogConfig: Setting CVar [[r.Streaming.PoolSize:1000]]
[2020.12.02-14.12.33:438][  0]LogConfig: Setting CVar [[r.Streaming.MaxEffectiveScreenSize:0]]
[2020.12.02-14.12.33:438][  0]LogConfig: Applying CVar settings from Section [EffectsQuality@3] File [C:/Users/benca/Documents/GitHub/GameJamNov2020/Lemmings/Saved/Config/Windows/Scalability.ini]
[2020.12.02-14.12.33:438][  0]LogConfig: Setting CVar [[r.TranslucencyLightingVolumeDim:64]]
[2020.12.02-14.12.33:438][  0]LogConfig: Setting CVar [[r.RefractionQuality:2]]
[2020.12.02-14.12.33:438][  0]LogConfig: Setting CVar [[r.SSR.Quality:3]]
[2020.12.02-14.12.33:438][  0]LogConfig: Setting CVar [[r.SSR.HalfResSceneColor:0]]
[2020.12.02-14.12.33:438][  0]LogConfig: Setting CVar [[r.SceneColorFormat:4]]
[2020.12.02-14.12.33:438][  0]LogConfig: Setting CVar [[r.DetailMode:2]]
[2020.12.02-14.12.33:438][  0]LogConfig: Setting CVar [[r.TranslucencyVolumeBlur:1]]
[2020.12.02-14.12.33:438][  0]LogConfig: Setting CVar [[r.MaterialQualityLevel:1 ; High quality]]
[2020.12.02-14.12.33:438][  0]LogConfig: Setting CVar [[r.SSS.Scale:1]]
[2020.12.02-14.12.33:438][  0]LogConfig: Setting CVar [[r.SSS.SampleSet:2]]
[2020.12.02-14.12.33:438][  0]LogConfig: Setting CVar [[r.SSS.Quality:1]]
[2020.12.02-14.12.33:438][  0]LogConfig: Setting CVar [[r.SSS.HalfRes:0]]
[2020.12.02-14.12.33:438][  0]LogConfig: Setting CVar [[r.SSGI.Quality:3]]
[2020.12.02-14.12.33:438][  0]LogConfig: Setting CVar [[r.EmitterSpawnRateScale:1.0]]
[2020.12.02-14.12.33:438][  0]LogConfig: Setting CVar [[r.ParticleLightQuality:2]]
[2020.12.02-14.12.33:438][  0]LogConfig: Setting CVar [[r.SkyAtmosphere.AerialPerspectiveLUT.FastApplyOnOpaque:1 ; Always have FastSkyLUT 1 in this case to avoid wrong sky]]
[2020.12.02-14.12.33:438][  0]LogConfig: Setting CVar [[r.SkyAtmosphere.AerialPerspectiveLUT.SampleCountPerSlice:1]]
[2020.12.02-14.12.33:438][  0]LogConfig: Setting CVar [[r.SkyAtmosphere.AerialPerspectiveLUT.DepthResolution:16.0]]
[2020.12.02-14.12.33:438][  0]LogConfig: Setting CVar [[r.SkyAtmosphere.FastSkyLUT:1]]
[2020.12.02-14.12.33:438][  0]LogConfig: Setting CVar [[r.SkyAtmosphere.FastSkyLUT.SampleCountMin:4.0]]
[2020.12.02-14.12.33:438][  0]LogConfig: Setting CVar [[r.SkyAtmosphere.FastSkyLUT.SampleCountMax:32.0]]
[2020.12.02-14.12.33:438][  0]LogConfig: Setting CVar [[r.SkyAtmosphere.SampleCountMin:4.0]]
[2020.12.02-14.12.33:438][  0]LogConfig: Setting CVar [[r.SkyAtmosphere.SampleCountMax:32.0]]
[2020.12.02-14.12.33:438][  0]LogConfig: Setting CVar [[r.SkyAtmosphere.TransmittanceLUT.UseSmallFormat:0]]
[2020.12.02-14.12.33:438][  0]LogConfig: Setting CVar [[r.SkyAtmosphere.TransmittanceLUT.SampleCount:10.0]]
[2020.12.02-14.12.33:438][  0]LogConfig: Setting CVar [[r.SkyAtmosphere.MultiScatteringLUT.SampleCount:15.0]]
[2020.12.02-14.12.33:438][  0]LogConfig: Applying CVar settings from Section [FoliageQuality@3] File [C:/Users/benca/Documents/GitHub/GameJamNov2020/Lemmings/Saved/Config/Windows/Scalability.ini]
[2020.12.02-14.12.33:438][  0]LogConfig: Setting CVar [[foliage.DensityScale:1.0]]
[2020.12.02-14.12.33:438][  0]LogConfig: Setting CVar [[grass.DensityScale:1.0]]
[2020.12.02-14.12.33:438][  0]LogConfig: Applying CVar settings from Section [ShadingQuality@3] File [C:/Users/benca/Documents/GitHub/GameJamNov2020/Lemmings/Saved/Config/Windows/Scalability.ini]
[2020.12.02-14.12.33:438][  0]LogConfig: Setting CVar [[r.HairStrands.SkyLighting.SampleCount:16]]
[2020.12.02-14.12.33:438][  0]LogConfig: Setting CVar [[r.HairStrands.SkyLighting.JitterIntegration:0]]
[2020.12.02-14.12.33:438][  0]LogConfig: Setting CVar [[r.HairStrands.SkyAO.SampleCount:16]]
[2020.12.02-14.12.33:438][  0]LogConfig: Setting CVar [[r.HairStrands.DeepShadow.SuperSampling:0]]
[2020.12.02-14.12.33:438][  0]LogConfig: Setting CVar [[r.HairStrands.VisibilityPPLL:0]]
[2020.12.02-14.12.33:438][  0]LogConfig: Setting CVar [[r.HairStrands.RasterizationScale:0.5]]
[2020.12.02-14.12.33:438][  0]LogConfig: Setting CVar [[r.HairStrands.VelocityRasterizationScale:1]]
[2020.12.02-14.12.33:438][  0]LogConfig: Applying CVar settings from Section [Startup] File [../../../Engine/Config/ConsoleVariables.ini]
[2020.12.02-14.12.33:439][  0]LogConfig: Setting CVar [[net.UseAdaptiveNetUpdateFrequency:0]]
[2020.12.02-14.12.33:439][  0]LogConfig: Setting CVar [[p.chaos.AllowCreatePhysxBodies:1]]
[2020.12.02-14.12.33:439][  0]LogConfig: Setting CVar [[fx.SkipVectorVMBackendOptimizations:1]]
[2020.12.02-14.12.33:439][  0]LogConfig: Applying CVar settings from Section [ConsoleVariables] File [C:/Users/benca/Documents/GitHub/GameJamNov2020/Lemmings/Saved/Config/Windows/Engine.ini]
[2020.12.02-14.12.33:439][  0]LogInit: Computer: DESKTOP-B4K9AF7
[2020.12.02-14.12.33:439][  0]LogInit: User: benca
[2020.12.02-14.12.33:439][  0]LogInit: CPU Page size=4096, Cores=6
[2020.12.02-14.12.33:439][  0]LogInit: High frequency timer resolution =10.000000 MHz
[2020.12.02-14.12.33:439][  0]LogMemory: Memory total: Physical=15.9GB (16GB approx)
[2020.12.02-14.12.33:439][  0]LogMemory: Platform Memory Stats for Windows
[2020.12.02-14.12.33:439][  0]LogMemory: Process Physical Memory: 113.82 MB used, 113.82 MB peak
[2020.12.02-14.12.33:439][  0]LogMemory: Process Virtual Memory: 95.88 MB used, 95.88 MB peak
[2020.12.02-14.12.33:439][  0]LogMemory: Physical Memory: 6577.81 MB used,  9754.42 MB free, 16332.23 MB total
[2020.12.02-14.12.33:439][  0]LogMemory: Virtual Memory: 5137.31 MB used,  134212592.00 MB free, 134217728.00 MB total
[2020.12.02-14.12.33:445][  0]LogWindows: WindowsPlatformFeatures enabled
[2020.12.02-14.12.33:492][  0]LogInit: Physics initialised using underlying interface: PhysX
[2020.12.02-14.12.33:493][  0]LogInit: Using OS detected language (en-GB).
[2020.12.02-14.12.33:493][  0]LogInit: Using OS detected locale (en-GB).
[2020.12.02-14.12.33:495][  0]LogTextLocalizationManager: No specific localization for 'en-GB' exists, so the 'en' localization will be used.
[2020.12.02-14.12.33:642][  0]LogInit: Setting process to per monitor DPI aware
[2020.12.02-14.12.33:678][  0]LogSlate: New Slate User Created.  User Index 0, Is Virtual User: 0
[2020.12.02-14.12.33:678][  0]LogSlate: Slate User Registered.  User Index 0, Is Virtual User: 0
[2020.12.02-14.12.34:137][  0]LogHMD: Failed to initialize OpenVR with code 110
[2020.12.02-14.12.34:137][  0]LogD3D11RHI: D3D11 min allowed feature level: 11_0
[2020.12.02-14.12.34:137][  0]LogD3D11RHI: D3D11 max allowed feature level: 11_0
[2020.12.02-14.12.34:137][  0]LogD3D11RHI: D3D11 adapters:
[2020.12.02-14.12.34:205][  0]LogD3D11RHI:    0. 'NVIDIA GeForce GTX 1660' (Feature Level 11_0)
[2020.12.02-14.12.34:205][  0]LogD3D11RHI:       5991/0/8166 MB DedicatedVideo/DedicatedSystem/SharedSystem, Outputs:1, VendorId:0x10de
[2020.12.02-14.12.34:208][  0]LogD3D11RHI:    1. 'Microsoft Basic Render Driver' (Feature Level 11_0)
[2020.12.02-14.12.34:208][  0]LogD3D11RHI:       0/0/8166 MB DedicatedVideo/DedicatedSystem/SharedSystem, Outputs:0, VendorId:0x1414
[2020.12.02-14.12.34:208][  0]LogD3D11RHI: Chosen D3D11 Adapter: 0
[2020.12.02-14.12.34:214][  0]LogD3D11RHI: Creating new Direct3DDevice
[2020.12.02-14.12.34:214][  0]LogD3D11RHI:     GPU DeviceId: 0x2184 (for the marketing name, search the web for "GPU Device Id")
[2020.12.02-14.12.34:214][  0]LogWindows: EnumDisplayDevices:
[2020.12.02-14.12.34:214][  0]LogWindows:    0. 'NVIDIA GeForce GTX 1660' (P:1 D:1)
[2020.12.02-14.12.34:215][  0]LogWindows:    1. 'NVIDIA GeForce GTX 1660' (P:0 D:0)
[2020.12.02-14.12.34:215][  0]LogWindows:    2. 'NVIDIA GeForce GTX 1660' (P:0 D:0)
[2020.12.02-14.12.34:215][  0]LogWindows:    3. 'NVIDIA GeForce GTX 1660' (P:0 D:0)
[2020.12.02-14.12.34:215][  0]LogWindows: DebugString: FoundDriverCount:4 
[2020.12.02-14.12.34:215][  0]LogD3D11RHI:     Adapter Name: NVIDIA GeForce GTX 1660
[2020.12.02-14.12.34:215][  0]LogD3D11RHI:   Driver Version: 432.00 (internal:26.21.14.3200, unified:432.00)
[2020.12.02-14.12.34:215][  0]LogD3D11RHI:      Driver Date: 7-24-2019
[2020.12.02-14.12.34:215][  0]LogRHI: Texture pool is 4193 MB (70% of 5991 MB)
[2020.12.02-14.12.34:259][  0]LogD3D11RHI: RHI has support for 64 bit atomics
[2020.12.02-14.12.34:259][  0]LogD3D11RHI: Async texture creation enabled
[2020.12.02-14.12.34:259][  0]LogD3D11RHI: Array index from any shader is supported
[2020.12.02-14.12.34:307][  0]LogD3D11RHI: HDR output is supported on display 0 (NvId: 0x80061087).
[2020.12.02-14.12.34:319][  0]LogD3D11RHI: GPU Timing Frequency: 1000.000000 (Debug: 2 1)
[2020.12.02-14.12.34:596][  0]LogTargetPlatformManager: Display: Loaded TargetPlatform 'AllDesktop'
[2020.12.02-14.12.34:616][  0]LogTargetPlatformManager: Display: Loaded TargetPlatform 'Android'
[2020.12.02-14.12.34:616][  0]LogTargetPlatformManager: Display: Loaded TargetPlatform 'Android_ASTC'
[2020.12.02-14.12.34:616][  0]LogTargetPlatformManager: Display: Loaded TargetPlatform 'Android_DXT'
[2020.12.02-14.12.34:616][  0]LogTargetPlatformManager: Display: Loaded TargetPlatform 'Android_ETC2'
[2020.12.02-14.12.34:616][  0]LogTargetPlatformManager: Display: Loaded TargetPlatform 'AndroidClient'
[2020.12.02-14.12.34:616][  0]LogTargetPlatformManager: Display: Loaded TargetPlatform 'Android_ASTCClient'
[2020.12.02-14.12.34:616][  0]LogTargetPlatformManager: Display: Loaded TargetPlatform 'Android_DXTClient'
[2020.12.02-14.12.34:616][  0]LogTargetPlatformManager: Display: Loaded TargetPlatform 'Android_ETC2Client'
[2020.12.02-14.12.34:616][  0]LogTargetPlatformManager: Display: Loaded TargetPlatform 'Android_Multi'
[2020.12.02-14.12.34:616][  0]LogTargetPlatformManager: Display: Loaded TargetPlatform 'Android_MultiClient'
[2020.12.02-14.12.34:641][  0]LogTargetPlatformManager: Display: Loaded TargetPlatform 'IOSClient'
[2020.12.02-14.12.34:641][  0]LogTargetPlatformManager: Display: Loaded TargetPlatform 'IOS'
[2020.12.02-14.12.34:652][  0]LogTargetPlatformManager: Display: Loaded TargetPlatform 'Linux'
[2020.12.02-14.12.34:662][  0]LogTargetPlatformManager: Display: Loaded TargetPlatform 'LinuxNoEditor'
[2020.12.02-14.12.34:671][  0]LogTargetPlatformManager: Display: Loaded TargetPlatform 'LinuxClient'
[2020.12.02-14.12.34:681][  0]LogTargetPlatformManager: Display: Loaded TargetPlatform 'LinuxServer'
[2020.12.02-14.12.34:690][  0]LogTargetPlatformManager: Display: Loaded TargetPlatform 'LinuxAArch64NoEditor'
[2020.12.02-14.12.34:700][  0]LogTargetPlatformManager: Display: Loaded TargetPlatform 'LinuxAArch64Client'
[2020.12.02-14.12.34:709][  0]LogTargetPlatformManager: Display: Loaded TargetPlatform 'LinuxAArch64Server'
[2020.12.02-14.12.34:736][  0]LogTargetPlatformManager: Display: Loaded TargetPlatform 'Lumin'
[2020.12.02-14.12.34:736][  0]LogTargetPlatformManager: Display: Loaded TargetPlatform 'LuminClient'
[2020.12.02-14.12.34:751][  0]LogTargetPlatformManager: Display: Loaded TargetPlatform 'TVOSClient'
[2020.12.02-14.12.34:751][  0]LogTargetPlatformManager: Display: Loaded TargetPlatform 'TVOS'
[2020.12.02-14.12.34:761][  0]LogTargetPlatformManager: Display: Loaded TargetPlatform 'WindowsNoEditor'
[2020.12.02-14.12.34:771][  0]LogTargetPlatformManager: Display: Loaded TargetPlatform 'Windows'
[2020.12.02-14.12.34:780][  0]LogTargetPlatformManager: Display: Loaded TargetPlatform 'WindowsClient'
[2020.12.02-14.12.34:789][  0]LogTargetPlatformManager: Display: Loaded TargetPlatform 'WindowsServer'
[2020.12.02-14.12.34:789][  0]LogTargetPlatformManager: Display: Building Assets For Windows
[2020.12.02-14.12.34:800][  0]LogAudioDebug: Display: Lib vorbis DLL was dynamically loaded.
[2020.12.02-14.12.34:871][  0]LogShaderCompilers: Guid format shader working directory is -25 characters bigger than the processId version (../../../../../../Users/benca/Documents/GitHub/GameJamNov2020/Lemmings/Intermediate/Shaders/WorkingDirectory/11472/).
[2020.12.02-14.12.34:871][  0]LogShaderCompilers: Cleaned the shader compiler working directory 'C:/Users/benca/AppData/Local/Temp/UnrealShaderWorkingDir/0CF86B6348AE6E69DA24EC980D7FD827/'.
[2020.12.02-14.12.34:872][  0]LogXGEController: Cannot use XGE Controller as Incredibuild is not installed on this machine.
[2020.12.02-14.12.34:872][  0]LogShaderCompilers: Cannot use XGE Shader Compiler as Incredibuild is not installed on this machine.
[2020.12.02-14.12.34:872][  0]LogShaderCompilers: Display: Using Local Shader Compiler.
[2020.12.02-14.12.35:711][  0]LogDerivedDataCache: Display: Max Cache Size: 512 MB
[2020.12.02-14.12.35:755][  0]LogDerivedDataCache: Loaded boot cache 0.04s 76MB C:/Users/benca/AppData/Local/UnrealEngine/4.25/DerivedDataCache/Boot.ddc.
[2020.12.02-14.12.35:755][  0]LogDerivedDataCache: Display: Loaded Boot cache: C:/Users/benca/AppData/Local/UnrealEngine/4.25/DerivedDataCache/Boot.ddc
[2020.12.02-14.12.35:755][  0]LogDerivedDataCache: FDerivedDataBackendGraph:  Pak pak cache file ../../../../../../Users/benca/Documents/GitHub/GameJamNov2020/Lemmings/DerivedDataCache/DDC.ddp not found, will not use a pak cache.
[2020.12.02-14.12.35:756][  0]LogDerivedDataCache: Unable to find inner node Pak for hierarchical cache Hierarchy.
[2020.12.02-14.12.35:756][  0]LogDerivedDataCache: FDerivedDataBackendGraph:  CompressedPak pak cache file ../../../../../../Users/benca/Documents/GitHub/GameJamNov2020/Lemmings/DerivedDataCache/Compressed.ddp not found, will not use a pak cache.
[2020.12.02-14.12.35:756][  0]LogDerivedDataCache: Unable to find inner node CompressedPak for hierarchical cache Hierarchy.
[2020.12.02-14.12.35:765][  0]LogDerivedDataCache: Display: Pak cache opened for reading ../../../Engine/DerivedDataCache/Compressed.ddp.
[2020.12.02-14.12.35:765][  0]LogDerivedDataCache: FDerivedDataBackendGraph:  EnterprisePak pak cache file ../../../Enterprise/DerivedDataCache/Compressed.ddp not found, will not use a pak cache.
[2020.12.02-14.12.35:765][  0]LogDerivedDataCache: Unable to find inner node EnterprisePak for hierarchical cache Hierarchy.
[2020.12.02-14.12.35:766][  0]LogDerivedDataCache: Using Local data cache path C:/Users/benca/AppData/Local/UnrealEngine/Common/DerivedDataCache: Writable
[2020.12.02-14.12.35:766][  0]LogDerivedDataCache: Shared data cache path not found in *engine.ini, will not use an Shared cache.
[2020.12.02-14.12.35:766][  0]LogDerivedDataCache: Unable to find inner node Shared for hierarchical cache Hierarchy.
[2020.12.02-14.12.35:810][  0]LogSlate: Using FreeType 2.10.0
[2020.12.02-14.12.35:812][  0]LogSlate: SlateFontServices - WITH_FREETYPE: 1, WITH_HARFBUZZ: 1
[2020.12.02-14.12.35:849][  0]LogAssetRegistry: FAssetRegistry took 0.0022 seconds to start up
[2020.12.02-14.12.36:050][  0]LogInit: Selected Device Profile: [Windows]
[2020.12.02-14.12.36:164][  0]LogMeshReduction: Using QuadricMeshReduction for automatic static mesh reduction
[2020.12.02-14.12.36:164][  0]LogMeshReduction: Using SimplygonMeshReduction for automatic skeletal mesh reduction
[2020.12.02-14.12.36:164][  0]LogMeshReduction: Using ProxyLODMeshReduction for automatic mesh merging
[2020.12.02-14.12.36:164][  0]LogMeshReduction: No distributed automatic mesh merging module available
[2020.12.02-14.12.36:164][  0]LogMeshMerging: No distributed automatic mesh merging module available
[2020.12.02-14.12.36:179][  0]LogNetVersion: Lemmings 1.0.0, NetCL: 13144385, EngineNetVer: 14, GameNetVer: 0 (Checksum: 1349506417)
[2020.12.02-14.12.36:669][  0]LogAISub: UAISubsystem::UAISubsystem AISubsystem (000001DEAC8C1B40), frame # 0
[2020.12.02-14.12.36:669][  0]LogAISub: UAISubsystem::UAISubsystem AIPerceptionSystem (000001DEAD80E700), frame # 0
[2020.12.02-14.12.36:670][  0]LogAISub: UAISubsystem::UAISubsystem EnvQueryManager (000001DEAC869E00), frame # 0
[2020.12.02-14.12.36:705][  0]LogPackageLocalizationCache: Processed 19 localized package path(s) for 1 prioritized culture(s) in 0.028829 seconds
[2020.12.02-14.12.36:709][  0]LogUObjectArray: 15917 objects as part of root set at end of initial load.
[2020.12.02-14.12.36:709][  0]LogUObjectAllocator: 3965568 out of 0 bytes used by permanent object pool.
[2020.12.02-14.12.36:709][  0]LogUObjectArray: CloseDisregardForGC: 0/0 objects in disregard for GC pool
[2020.12.02-14.12.37:087][  0]LogTcpMessaging: Initializing TcpMessaging bridge
[2020.12.02-14.12.37:092][  0]LogUdpMessaging: Initializing bridge on interface 0.0.0.0:0 to multicast group 230.0.0.1:6666.
[2020.12.02-14.12.37:180][  0]SourceControl: Source control is disabled
[2020.12.02-14.12.37:181][  0]LogWindows: Warning: CreateProc failed: The system cannot find the file specified. (0x00000002)
[2020.12.02-14.12.37:181][  0]LogWindows: Warning: URL: C:/Program Files/Git/bin/git.exe version
[2020.12.02-14.12.37:181][  0]LogWindows: Warning: CreateProc failed: The system cannot find the file specified. (0x00000002)
[2020.12.02-14.12.37:181][  0]LogWindows: Warning: URL: C:/Program Files (x86)/Git/bin/git.exe version
[2020.12.02-14.12.37:181][  0]LogWindows: Warning: CreateProc failed: The system cannot find the file specified. (0x00000002)
[2020.12.02-14.12.37:181][  0]LogWindows: Warning: URL: C:\Users\benca\AppData\Local/Programs/Git/cmd/git.exe version
[2020.12.02-14.12.37:181][  0]LogWindows: Warning: CreateProc failed: The system cannot find the file specified. (0x00000002)
[2020.12.02-14.12.37:181][  0]LogWindows: Warning: URL: C:/Program Files (x86)/SmartGit/git/bin/git.exe version
[2020.12.02-14.12.37:181][  0]LogWindows: Warning: CreateProc failed: The system cannot find the file specified. (0x00000002)
[2020.12.02-14.12.37:181][  0]LogWindows: Warning: URL: C:/Program Files (x86)/SmartGit/bin/git.exe version
[2020.12.02-14.12.37:182][  0]LogWindows: Warning: CreateProc failed: The system cannot find the file specified. (0x00000002)
[2020.12.02-14.12.37:182][  0]LogWindows: Warning: URL: C:\Users\benca\AppData\Local/Atlassian/SourceTree/git_local/bin/git.exe version
[2020.12.02-14.12.37:182][  0]LogWindows: Warning: CreateProc failed: The system cannot find the file specified. (0x00000002)
[2020.12.02-14.12.37:182][  0]LogWindows: Warning: URL: C:/Program Files (x86)/fournova/Tower/vendor/Git/bin/git.exe version
[2020.12.02-14.12.37:186][  0]LogWindows: Warning: CreateProc failed: The system cannot find the file specified. (0x00000002)
[2020.12.02-14.12.37:186][  0]LogWindows: Warning: URL: C:/Program Files/Git/bin/git.exe version
[2020.12.02-14.12.37:186][  0]LogWindows: Warning: CreateProc failed: The system cannot find the file specified. (0x00000002)
[2020.12.02-14.12.37:186][  0]LogWindows: Warning: URL: C:/Program Files (x86)/Git/bin/git.exe version
[2020.12.02-14.12.37:186][  0]LogWindows: Warning: CreateProc failed: The system cannot find the file specified. (0x00000002)
[2020.12.02-14.12.37:186][  0]LogWindows: Warning: URL: C:\Users\benca\AppData\Local/Programs/Git/cmd/git.exe version
[2020.12.02-14.12.37:186][  0]LogWindows: Warning: CreateProc failed: The system cannot find the file specified. (0x00000002)
[2020.12.02-14.12.37:186][  0]LogWindows: Warning: URL: C:/Program Files (x86)/SmartGit/git/bin/git.exe version
[2020.12.02-14.12.37:186][  0]LogWindows: Warning: CreateProc failed: The system cannot find the file specified. (0x00000002)
[2020.12.02-14.12.37:186][  0]LogWindows: Warning: URL: C:/Program Files (x86)/SmartGit/bin/git.exe version
[2020.12.02-14.12.37:186][  0]LogWindows: Warning: CreateProc failed: The system cannot find the file specified. (0x00000002)
[2020.12.02-14.12.37:186][  0]LogWindows: Warning: URL: C:\Users\benca\AppData\Local/Atlassian/SourceTree/git_local/bin/git.exe version
[2020.12.02-14.12.37:186][  0]LogWindows: Warning: CreateProc failed: The system cannot find the file specified. (0x00000002)
[2020.12.02-14.12.37:186][  0]LogWindows: Warning: URL: C:/Program Files (x86)/fournova/Tower/vendor/Git/bin/git.exe version
[2020.12.02-14.12.37:190][  0]LogWindows: Warning: CreateProc failed: The system cannot find the file specified. (0x00000002)
[2020.12.02-14.12.37:190][  0]LogWindows: Warning: URL: C:/Program Files/Git/bin/git.exe version
[2020.12.02-14.12.37:190][  0]LogWindows: Warning: CreateProc failed: The system cannot find the file specified. (0x00000002)
[2020.12.02-14.12.37:190][  0]LogWindows: Warning: URL: C:/Program Files (x86)/Git/bin/git.exe version
[2020.12.02-14.12.37:190][  0]LogWindows: Warning: CreateProc failed: The system cannot find the file specified. (0x00000002)
[2020.12.02-14.12.37:190][  0]LogWindows: Warning: URL: C:\Users\benca\AppData\Local/Programs/Git/cmd/git.exe version
[2020.12.02-14.12.37:190][  0]LogWindows: Warning: CreateProc failed: The system cannot find the file specified. (0x00000002)
[2020.12.02-14.12.37:190][  0]LogWindows: Warning: URL: C:/Program Files (x86)/SmartGit/git/bin/git.exe version
[2020.12.02-14.12.37:190][  0]LogWindows: Warning: CreateProc failed: The system cannot find the file specified. (0x00000002)
[2020.12.02-14.12.37:190][  0]LogWindows: Warning: URL: C:/Program Files (x86)/SmartGit/bin/git.exe version
[2020.12.02-14.12.37:190][  0]LogWindows: Warning: CreateProc failed: The system cannot find the file specified. (0x00000002)
[2020.12.02-14.12.37:190][  0]LogWindows: Warning: URL: C:\Users\benca\AppData\Local/Atlassian/SourceTree/git_local/bin/git.exe version
[2020.12.02-14.12.37:191][  0]LogWindows: Warning: CreateProc failed: The system cannot find the file specified. (0x00000002)
[2020.12.02-14.12.37:191][  0]LogWindows: Warning: URL: C:/Program Files (x86)/fournova/Tower/vendor/Git/bin/git.exe version
[2020.12.02-14.12.37:199][  0]LogWindows: Warning: CreateProc failed: The system cannot find the file specified. (0x00000002)
[2020.12.02-14.12.37:199][  0]LogWindows: Warning: URL: C:/Program Files/Git/bin/git.exe version
[2020.12.02-14.12.37:199][  0]LogWindows: Warning: CreateProc failed: The system cannot find the file specified. (0x00000002)
[2020.12.02-14.12.37:199][  0]LogWindows: Warning: URL: C:/Program Files (x86)/Git/bin/git.exe version
[2020.12.02-14.12.37:199][  0]LogWindows: Warning: CreateProc failed: The system cannot find the file specified. (0x00000002)
[2020.12.02-14.12.37:199][  0]LogWindows: Warning: URL: C:\Users\benca\AppData\Local/Programs/Git/cmd/git.exe version
[2020.12.02-14.12.37:199][  0]LogWindows: Warning: CreateProc failed: The system cannot find the file specified. (0x00000002)
[2020.12.02-14.12.37:199][  0]LogWindows: Warning: URL: C:/Program Files (x86)/SmartGit/git/bin/git.exe version
[2020.12.02-14.12.37:199][  0]LogWindows: Warning: CreateProc failed: The system cannot find the file specified. (0x00000002)
[2020.12.02-14.12.37:199][  0]LogWindows: Warning: URL: C:/Program Files (x86)/SmartGit/bin/git.exe version
[2020.12.02-14.12.37:199][  0]LogWindows: Warning: CreateProc failed: The system cannot find the file specified. (0x00000002)
[2020.12.02-14.12.37:200][  0]LogWindows: Warning: URL: C:\Users\benca\AppData\Local/Atlassian/SourceTree/git_local/bin/git.exe version
[2020.12.02-14.12.37:200][  0]LogWindows: Warning: CreateProc failed: The system cannot find the file specified. (0x00000002)
[2020.12.02-14.12.37:200][  0]LogWindows: Warning: URL: C:/Program Files (x86)/fournova/Tower/vendor/Git/bin/git.exe version
[2020.12.02-14.12.37:474][  0]LogAndroidPermission: UAndroidPermissionCallbackProxy::GetInstance
[2020.12.02-14.12.37:498][  0]LogAudioCaptureCore: Display: No Audio Capture implementations found. Audio input will be silent.
[2020.12.02-14.12.37:498][  0]LogAudioCaptureCore: Display: No Audio Capture implementations found. Audio input will be silent.
[2020.12.02-14.12.37:550][  0]LogOcInput: OculusInput pre-init called
[2020.12.02-14.12.37:561][  0]LogWindows: Failed to load 'OVRPlugin.dll' (GetLastError=126)
[2020.12.02-14.12.37:561][  0]LogWindows: File 'OVRPlugin.dll' does not exist
[2020.12.02-14.12.37:625][  0]LogEngine: Initializing Engine...
[2020.12.02-14.12.37:626][  0]LogHMD: Failed to initialize OpenVR with code 110
[2020.12.02-14.12.37:626][  0]LogMagicLeap: Warning: VR disabled because ZI is not enabled.  To enable, in the editor, Edit -> Project Settings -> Plugins -> Magic Leap Plugin -> Enable Zero Iteration
[2020.12.02-14.12.37:627][  0]LogStats: UGameplayTagsManager::InitializeManager -  0.000 s
[2020.12.02-14.12.37:738][  0]LogInit: Initializing FReadOnlyCVARCache
[2020.12.02-14.12.37:746][  0]LogAIModule: Creating AISystem for world Untitled
[2020.12.02-14.12.37:746][  0]LogAISub: UAISubsystem::UAISubsystem EnvQueryManager (000001DEAFECBC00), frame # 0
[2020.12.02-14.12.37:746][  0]LogAISub: UAISubsystem::UAISubsystem AIPerceptionSystem (000001DEAFF90680), frame # 0
[2020.12.02-14.12.37:799][  0]LogAudioMixer: Display: Audio Mixer Platform Settings:
[2020.12.02-14.12.37:799][  0]LogAudioMixer: Display: 	Sample Rate:						  48000
[2020.12.02-14.12.37:799][  0]LogAudioMixer: Display: 	Callback Buffer Frame Size Requested: 1024
[2020.12.02-14.12.37:799][  0]LogAudioMixer: Display: 	Callback Buffer Frame Size To Use:	  1024
[2020.12.02-14.12.37:799][  0]LogAudioMixer: Display: 	Number of buffers to queue:			  2
[2020.12.02-14.12.37:799][  0]LogAudioMixer: Display: 	Max Channels (voices):				  32
[2020.12.02-14.12.37:799][  0]LogAudioMixer: Display: 	Number of Async Source Workers:		  0
[2020.12.02-14.12.37:799][  0]LogAudio: Display: AudioDevice MaxSources: 32
[2020.12.02-14.12.37:799][  0]LogAudio: Display: Using built-in audio occlusion.
[2020.12.02-14.12.37:799][  0]LogAudioMixer: Display: Initializing audio mixer.
[2020.12.02-14.12.37:815][  0]LogAudioMixer: Display: 0: FrontLeft
[2020.12.02-14.12.37:815][  0]LogAudioMixer: Display: 1: FrontRight
[2020.12.02-14.12.37:874][  0]LogAudioMixer: Display: Using Audio Device Speakers (4- Realtek High Definition Audio)
[2020.12.02-14.12.37:877][  0]LogAudioMixer: Display: Initializing Sound Submixes...
[2020.12.02-14.12.37:881][  0]LogAudioMixer: Display: Creating Master Submix 'MasterSubmixDefault'
[2020.12.02-14.12.37:881][  0]LogAudioMixer: Display: Creating Master Submix 'MasterReverbSubmixDefault'
[2020.12.02-14.12.37:882][  0]LogAudioMixer: Display: Creating Master Submix 'MasterEQSubmixDefault'
[2020.12.02-14.12.37:883][  0]LogInit: FAudioDevice initialized.
[2020.12.02-14.12.37:883][  0]LogNetVersion: Set ProjectVersion to 1.0.0.0. Version Checksum will be recalculated on next use.
[2020.12.02-14.12.38:053][  0]LogDerivedDataCache: Saved boot cache 0.17s 76MB C:/Users/benca/AppData/Local/UnrealEngine/4.25/DerivedDataCache/Boot.ddc.
[2020.12.02-14.12.38:055][  0]LogInit: Texture streaming: Enabled
[2020.12.02-14.12.38:073][  0]LogEngineSessionManager: EngineSessionManager initialized
[2020.12.02-14.12.38:073][  0]LogEditorSessionSummary: Verbose: Initializing EditorSessionSummaryWriter for editor session tracking
[2020.12.02-14.12.38:075][  0]LogEditorSessionSummary: EditorSessionSummaryWriter initialized
[2020.12.02-14.12.38:121][  0]LogInit: Transaction tracking system initialized
[2020.12.02-14.12.38:147][  0]BlueprintLog: New page: Editor Load
[2020.12.02-14.12.38:224][  0]LocalizationService: Localization service is disabled
[2020.12.02-14.12.38:385][  0]LogCook: Display: Max memory allowance for cook 16384mb min free memory 0mb
[2020.12.02-14.12.38:385][  0]LogCook: Display: Mobile HDR setting 1
[2020.12.02-14.12.38:547][  0]LogFileCache: Scanning file cache for directory 'C:/Users/benca/Documents/GitHub/GameJamNov2020/Lemmings/Content/' took 0.00s
[2020.12.02-14.12.38:858][  0]LogWindows: Warning: CreateProc failed: The system cannot find the file specified. (0x00000002)
[2020.12.02-14.12.38:858][  0]LogWindows: Warning: URL: C:/Program Files/Git/bin/git.exe version
[2020.12.02-14.12.38:858][  0]LogWindows: Warning: CreateProc failed: The system cannot find the file specified. (0x00000002)
[2020.12.02-14.12.38:858][  0]LogWindows: Warning: URL: C:/Program Files (x86)/Git/bin/git.exe version
[2020.12.02-14.12.38:858][  0]LogWindows: Warning: CreateProc failed: The system cannot find the file specified. (0x00000002)
[2020.12.02-14.12.38:858][  0]LogWindows: Warning: URL: C:\Users\benca\AppData\Local/Programs/Git/cmd/git.exe version
[2020.12.02-14.12.38:858][  0]LogWindows: Warning: CreateProc failed: The system cannot find the file specified. (0x00000002)
[2020.12.02-14.12.38:858][  0]LogWindows: Warning: URL: C:/Program Files (x86)/SmartGit/git/bin/git.exe version
[2020.12.02-14.12.38:858][  0]LogWindows: Warning: CreateProc failed: The system cannot find the file specified. (0x00000002)
[2020.12.02-14.12.38:858][  0]LogWindows: Warning: URL: C:/Program Files (x86)/SmartGit/bin/git.exe version
[2020.12.02-14.12.38:858][  0]LogWindows: Warning: CreateProc failed: The system cannot find the file specified. (0x00000002)
[2020.12.02-14.12.38:858][  0]LogWindows: Warning: URL: C:\Users\benca\AppData\Local/Atlassian/SourceTree/git_local/bin/git.exe version
[2020.12.02-14.12.38:859][  0]LogWindows: Warning: CreateProc failed: The system cannot find the file specified. (0x00000002)
[2020.12.02-14.12.38:859][  0]LogWindows: Warning: URL: C:/Program Files (x86)/fournova/Tower/vendor/Git/bin/git.exe version
[2020.12.02-14.12.38:859][  0]LogUnrealEdMisc: Loading editor; pre map load, took 6.713
[2020.12.02-14.12.38:859][  0]Cmd: MAP LOAD FILE="../../../../../../Users/benca/Documents/GitHub/GameJamNov2020/Lemmings/Content/TopDownBP/Maps/IntroMap.umap" TEMPLATE=0 SHOWPROGRESS=1 FEATURELEVEL=3
[2020.12.02-14.12.38:859][  0]LightingResults: New page: Lighting Build
[2020.12.02-14.12.38:860][  0]LogWorld: UWorld::CleanupWorld for Untitled, bSessionEnded=true, bCleanupResources=true
[2020.12.02-14.12.38:860][  0]LogSlate: InvalidateAllWidgets triggered.  All widgets were invalidated
[2020.12.02-14.12.38:860][  0]MapCheck: New page: Map Check
[2020.12.02-14.12.38:860][  0]LightingResults: New page: Lighting Build
[2020.12.02-14.12.38:868][  0]LogAISub: UAISubsystem::~UAISubsystem EnvQueryManager (000001DEAFECBC00), frame # 0
[2020.12.02-14.12.38:869][  0]LogAISub: UAISubsystem::~UAISubsystem AIPerceptionSystem (000001DEAFF90680), frame # 0
[2020.12.02-14.12.38:869][  0]LogUObjectHash: Compacting FUObjectHashTables data took   0.53ms
[2020.12.02-14.12.38:890][  0]LogAIModule: Creating AISystem for world IntroMap
[2020.12.02-14.12.38:890][  0]LogAISub: UAISubsystem::UAISubsystem EnvQueryManager (000001DEA309FE00), frame # 0
[2020.12.02-14.12.38:890][  0]LogAISub: UAISubsystem::UAISubsystem AIPerceptionSystem (000001DEA30D2D40), frame # 0
[2020.12.02-14.12.38:891][  0]LogEditorServer: Finished looking for orphan Actors (0.000 secs)
[2020.12.02-14.12.38:898][  0]LogUObjectHash: Compacting FUObjectHashTables data took   0.58ms
[2020.12.02-14.12.38:898][  0]Cmd: MAP CHECKDEP NOCLEARLOG
[2020.12.02-14.12.38:899][  0]MapCheck: Map check complete: 0 Error(s), 0 Warning(s), took 0.11ms to complete.
[2020.12.02-14.12.38:899][  0]LogFileHelpers: Loading map 'IntroMap' took 0.041
[2020.12.02-14.12.38:900][  0]LogUnrealEdMisc: Total Editor Startup Time, took 6.755
[2020.12.02-14.12.39:025][  0]LogSlate: Updating window title bar state: overlay mode, drag disabled, window buttons hidden, title bar hidden
[2020.12.02-14.12.39:031][  0]LogSlate: Updating window title bar state: overlay mode, drag disabled, window buttons hidden, title bar hidden
[2020.12.02-14.12.39:037][  0]LogSlate: Updating window title bar state: overlay mode, drag disabled, window buttons hidden, title bar hidden
[2020.12.02-14.12.39:043][  0]LogSlate: Updating window title bar state: overlay mode, drag disabled, window buttons hidden, title bar hidden
[2020.12.02-14.12.39:050][  0]LogCollectionManager: Loaded 0 collections in 0.001646 seconds
[2020.12.02-14.12.39:063][  0]LogFileCache: Scanning file cache for directory 'C:/Users/benca/Documents/GitHub/GameJamNov2020/Lemmings/Saved/Collections/' took 0.00s
[2020.12.02-14.12.39:063][  0]LogFileCache: Scanning file cache for directory 'C:/Users/benca/Documents/GitHub/GameJamNov2020/Lemmings/Content/Developers/benca/Collections/' took 0.00s
[2020.12.02-14.12.39:063][  0]LogFileCache: Scanning file cache for directory 'C:/Users/benca/Documents/GitHub/GameJamNov2020/Lemmings/Content/Collections/' took 0.00s
[2020.12.02-14.12.39:063][  0]LogContentBrowser: Native class hierarchy populated in 0.0078 seconds. Added 3427 classes and 821 folders.
[2020.12.02-14.12.39:066][  0]LogContentBrowser: Native class hierarchy updated for 'WidgetCarousel' in 0.0002 seconds. Added 0 classes and 0 folders.
[2020.12.02-14.12.39:135][  0]LogContentBrowser: Native class hierarchy updated for 'AddContentDialog' in 0.0002 seconds. Added 0 classes and 0 folders.
[2020.12.02-14.12.39:136][  0]LogContentBrowser: Native class hierarchy updated for 'SceneOutliner' in 0.0002 seconds. Added 2 classes and 0 folders.
[2020.12.02-14.12.39:176][  0]LogSlate: Took 0.000591 seconds to synchronously load lazily loaded font '../../../Engine/Content/Slate/Fonts/Roboto-Regular.ttf' (155K)
[2020.12.02-14.12.39:177][  0]LogSlate: Took 0.000515 seconds to synchronously load lazily loaded font '../../../Engine/Content/Slate/Fonts/Roboto-Bold.ttf' (160K)
[2020.12.02-14.12.39:182][  0]LogSlate: Took 0.000531 seconds to synchronously load lazily loaded font '../../../Engine/Content/Editor/Slate/Fonts/FontAwesome.ttf' (139K)
[2020.12.02-14.12.39:236][  0]LogRenderer: Reallocating scene render targets to support 1224x536 Format 10 NumSamples 1 (Frame:1).
[2020.12.02-14.12.39:345][  0]LogContentBrowser: Native class hierarchy updated for 'HierarchicalLODOutliner' in 0.0002 seconds. Added 0 classes and 0 folders.
[2020.12.02-14.12.39:345][  0]LogLoad: (Engine Initialization) Total time: 7.20 seconds
[2020.12.02-14.12.39:345][  0]LogLoad: (Engine Initialization) Total Blueprint compile time: 0.00 seconds
[2020.12.02-14.12.39:376][  0]LogAssetRegistry: Asset discovery search completed in 3.5274 seconds
[2020.12.02-14.12.39:379][  0]LogCollectionManager: Fixed up redirectors for 0 collections in 0.000002 seconds (updated 0 objects)
[2020.12.02-14.12.39:380][  0]LogContentStreaming: Texture pool size now 1000 MB
[2020.12.02-14.12.39:397][  0]LogSlate: Took 0.000532 seconds to synchronously load lazily loaded font '../../../Engine/Content/Slate/Fonts/Roboto-Light.ttf' (167K)
[2020.12.02-14.12.41:428][215]LogSlate: Took 0.000175 seconds to synchronously load lazily loaded font '../../../Engine/Content/Slate/Fonts/Roboto-Light.ttf' (167K)
[2020.12.02-14.12.41:692][215]LogAssetEditorSubsystem: Opening Asset editor for World /Game/TopDownBP/Maps/InGame.InGame
[2020.12.02-14.12.41:702][215]LogUObjectHash: Compacting FUObjectHashTables data took   0.75ms
[2020.12.02-14.12.41:705][215]Cmd: MAP LOAD FILE="../../../../../../Users/benca/Documents/GitHub/GameJamNov2020/Lemmings/Content/TopDownBP/Maps/InGame.umap" TEMPLATE=0 SHOWPROGRESS=1 FEATURELEVEL=3
[2020.12.02-14.12.41:706][215]LightingResults: New page: Lighting Build
[2020.12.02-14.12.41:706][215]LoadErrors: New page: Loading map: InGame.umap
[2020.12.02-14.12.41:744][215]LogWorld: UWorld::CleanupWorld for IntroMap, bSessionEnded=true, bCleanupResources=true
[2020.12.02-14.12.41:744][215]LogSlate: InvalidateAllWidgets triggered.  All widgets were invalidated
[2020.12.02-14.12.41:744][215]MapCheck: New page: Map Check
[2020.12.02-14.12.41:744][215]LightingResults: New page: Lighting Build
[2020.12.02-14.12.41:752][215]LogAISub: UAISubsystem::~UAISubsystem EnvQueryManager (000001DEA309FE00), frame # 215
[2020.12.02-14.12.41:752][215]LogAISub: UAISubsystem::~UAISubsystem AIPerceptionSystem (000001DEA30D2D40), frame # 215
[2020.12.02-14.12.41:753][215]LogUObjectHash: Compacting FUObjectHashTables data took   0.64ms
[2020.12.02-14.12.41:759][215]LogEditorServer: Finished looking for orphan Actors (0.000 secs)
[2020.12.02-14.12.41:759][215]LogAIModule: Creating AISystem for world InGame
[2020.12.02-14.12.41:759][215]LogAISub: UAISubsystem::UAISubsystem EnvQueryManager (000001DEC4670400), frame # 215
[2020.12.02-14.12.41:759][215]LogAISub: UAISubsystem::UAISubsystem AIPerceptionSystem (000001DEC4183380), frame # 215
[2020.12.02-14.12.41:760][215]LogNavigationDataBuild: Display:    Building NavData:  Name Default class /Script/NavigationSystem.RecastNavMesh agent radius 35.0.
[2020.12.02-14.12.41:770][215]LogUObjectHash: Compacting FUObjectHashTables data took   0.52ms
[2020.12.02-14.12.41:792][215]Cmd: MAP CHECKDEP NOCLEARLOG
[2020.12.02-14.12.41:792][215]MapCheck: Map check complete: 0 Error(s), 0 Warning(s), took 0.089ms to complete.
[2020.12.02-14.12.41:792][215]LogFileHelpers: Loading map 'InGame' took 0.087
[2020.12.02-14.19.26:530][986]LogEditorViewport: Clicking on Actor (LMB): StaticMeshActor (Floor)
[2020.12.02-14.19.26:913][ 22]LogEditorViewport: Clicking on Actor (LMB): TopDownCharacter_C (TopDownCharacter)
[2020.12.02-14.19.28:250][168]LogSlate: Took 0.000661 seconds to synchronously load lazily loaded font '../../../Engine/Content/Slate/Fonts/Roboto-Italic.ttf' (157K)
[2020.12.02-14.19.32:911][659]LogAssetEditorSubsystem: Opening Asset editor for Blueprint /Game/TopDownBP/Blueprints/TopDownCharacter.TopDownCharacter
[2020.12.02-14.19.33:060][659]LogContentBrowser: Native class hierarchy updated for 'BlueprintGraph' in 0.0005 seconds. Added 125 classes and 0 folders.
[2020.12.02-14.19.33:837][659]LogSlate: Took 0.000650 seconds to synchronously load lazily loaded font '../../../Engine/Content/Slate/Fonts/Roboto-BoldCondensed.ttf' (158K)
[2020.12.02-14.19.38:618][188]LogRenderer: Reallocating scene render targets to support 1224x692 Format 10 NumSamples 1 (Frame:1).
[2020.12.02-14.20.43:331][593]BlueprintLog: New page: Compile TopDownCharacter
[2020.12.02-14.20.43:447][593]LogUObjectHash: Compacting FUObjectHashTables data took   1.94ms
[2020.12.02-14.20.43:475][593]LogSlate: Took 0.000610 seconds to synchronously load lazily loaded font '../../../Engine/Content/Slate/Fonts/DroidSansMono.ttf' (77K)
[2020.12.02-14.20.55:050][629]LogAssetEditorSubsystem: Opening Asset editor for Blueprint /Game/TopDownBP/AI/Lemming_AI.Lemming_AI
[2020.12.02-14.20.57:043][825]LogWorld: UWorld::CleanupWorld for World_5, bSessionEnded=true, bCleanupResources=true
[2020.12.02-14.20.57:043][825]LogSlate: InvalidateAllWidgets triggered.  All widgets were invalidated
[2020.12.02-14.20.57:146][825]LogAssetEditorSubsystem: Opening Asset editor for Blueprint /Game/TopDownBP/AI/Lemming_AI.Lemming_AI
[2020.12.02-14.21.22:199][726]BlueprintLog: New page: Compile Lemming_AI
[2020.12.02-14.21.22:248][726]LogUObjectHash: Compacting FUObjectHashTables data took   1.93ms
[2020.12.02-14.21.26:456][ 44]LogTemp: Repeating last play command: Selected Viewport
[2020.12.02-14.21.26:470][ 44]LogPlayLevel: PlayLevel: No blueprints needed recompiling
[2020.12.02-14.21.26:471][ 44]PIE: New page: PIE session: InGame (2 Dec 2020, 14:21:26)
[2020.12.02-14.21.26:472][ 44]LogOnline: OSS: Creating online subsystem instance for: NULL
[2020.12.02-14.21.26:472][ 44]LogOnline: OSS: TryLoadSubsystemAndSetDefault: Loaded subsystem for module [NULL]
[2020.12.02-14.21.26:473][ 44]LogPlayLevel: Creating play world package: /Game/TopDownBP/Maps/UEDPIE_0_InGame
[2020.12.02-14.21.26:490][ 44]LogPlayLevel: PIE: StaticDuplicateObject took: (0.017651s)
[2020.12.02-14.21.26:491][ 44]LogAIModule: Creating AISystem for world InGame
[2020.12.02-14.21.26:491][ 44]LogAISub: UAISubsystem::UAISubsystem EnvQueryManager (000001DF2F9B4200), frame # 15044
[2020.12.02-14.21.26:491][ 44]LogAISub: UAISubsystem::UAISubsystem AIPerceptionSystem (000001DF110FFD80), frame # 15044
[2020.12.02-14.21.26:491][ 44]LogPlayLevel: PIE: World Init took: (0.001137s)
[2020.12.02-14.21.26:492][ 44]LogPlayLevel: PIE: Created PIE world by copying editor world from /Game/TopDownBP/Maps/InGame.InGame to /Game/TopDownBP/Maps/UEDPIE_0_InGame.InGame (0.018917s)
[2020.12.02-14.21.26:535][ 44]LogUObjectHash: Compacting FUObjectHashTables data took   1.56ms
[2020.12.02-14.21.26:536][ 44]LogAudioMixer: Display: Audio Mixer Platform Settings:
[2020.12.02-14.21.26:536][ 44]LogAudioMixer: Display: 	Sample Rate:						  48000
[2020.12.02-14.21.26:536][ 44]LogAudioMixer: Display: 	Callback Buffer Frame Size Requested: 1024
[2020.12.02-14.21.26:536][ 44]LogAudioMixer: Display: 	Callback Buffer Frame Size To Use:	  1024
[2020.12.02-14.21.26:536][ 44]LogAudioMixer: Display: 	Number of buffers to queue:			  2
[2020.12.02-14.21.26:536][ 44]LogAudioMixer: Display: 	Max Channels (voices):				  32
[2020.12.02-14.21.26:536][ 44]LogAudioMixer: Display: 	Number of Async Source Workers:		  0
[2020.12.02-14.21.26:536][ 44]LogAudio: Display: AudioDevice MaxSources: 32
[2020.12.02-14.21.26:536][ 44]LogAudio: Display: Using built-in audio occlusion.
[2020.12.02-14.21.26:536][ 44]LogAudioMixer: Display: Initializing audio mixer.
[2020.12.02-14.21.26:543][ 44]LogAudioMixer: Display: 0: FrontLeft
[2020.12.02-14.21.26:543][ 44]LogAudioMixer: Display: 1: FrontRight
[2020.12.02-14.21.26:567][ 44]LogAudioMixer: Display: Using Audio Device Speakers (4- Realtek High Definition Audio)
[2020.12.02-14.21.26:567][ 44]LogAudioMixer: Display: Initializing Sound Submixes...
[2020.12.02-14.21.26:567][ 44]LogAudioMixer: Display: Creating Master Submix 'MasterSubmixDefault'
[2020.12.02-14.21.26:567][ 44]LogAudioMixer: Display: Creating Master Submix 'MasterReverbSubmixDefault'
[2020.12.02-14.21.26:568][ 44]LogAudioMixer: Display: Creating Master Submix 'MasterEQSubmixDefault'
[2020.12.02-14.21.26:578][ 44]LogInit: FAudioDevice initialized.
[2020.12.02-14.21.26:589][ 44]LogLoad: Game class is 'TopDownGameMode_C'
[2020.12.02-14.21.26:592][ 44]LogWorld: Bringing World /Game/TopDownBP/Maps/UEDPIE_0_InGame.InGame up for play (max tick rate 0) at 2020.12.02-14.21.26
[2020.12.02-14.21.26:593][ 44]LogWorld: Bringing up level for play took: 0.002700
[2020.12.02-14.21.26:593][ 44]LogOnline: OSS: Creating online subsystem instance for: :Context_8
[2020.12.02-14.21.26:596][ 44]LogContentBrowser: Native class hierarchy updated for 'MovieSceneCapture' in 0.0003 seconds. Added 20 classes and 0 folders.
[2020.12.02-14.21.26:597][ 44]PIE: Server logged in
[2020.12.02-14.21.26:597][ 44]PIE: Play in editor total start time 0.128 seconds.
[2020.12.02-14.21.32:015][651]LogSlate: Updating window title bar state: overlay mode, drag disabled, window buttons hidden, title bar hidden
[2020.12.02-14.21.32:015][651]LogWorld: BeginTearingDown for /Game/TopDownBP/Maps/UEDPIE_0_InGame
[2020.12.02-14.21.32:016][651]LogWorld: UWorld::CleanupWorld for InGame, bSessionEnded=true, bCleanupResources=true
[2020.12.02-14.21.32:016][651]LogSlate: InvalidateAllWidgets triggered.  All widgets were invalidated
[2020.12.02-14.21.32:026][651]LogPlayLevel: Display: Shutting down PIE online subsystems
[2020.12.02-14.21.32:029][651]LogSlate: InvalidateAllWidgets triggered.  All widgets were invalidated
[2020.12.02-14.21.32:067][651]LogSlate: Updating window title bar state: overlay mode, drag disabled, window buttons hidden, title bar hidden
[2020.12.02-14.21.32:082][651]LogAISub: UAISubsystem::~UAISubsystem AIPerceptionSystem (000001DF110FFD80), frame # 15651
[2020.12.02-14.21.32:082][651]LogAISub: UAISubsystem::~UAISubsystem EnvQueryManager (000001DF2F9B4200), frame # 15651
[2020.12.02-14.21.32:085][651]LogUObjectHash: Compacting FUObjectHashTables data took   2.71ms
[2020.12.02-14.21.32:109][652]LogPlayLevel: Display: Destroying online subsystem :Context_8
[2020.12.02-14.21.34:994][998]LogEditorViewport: Clicking on Actor (LMB): StaticMeshActor (Floor)
[2020.12.02-14.21.35:834][ 94]LogEditorViewport: Clicking on Actor (LMB): Lemming_AI_C (Lemming_AI)
[2020.12.02-14.21.40:593][634]LogTemp: Repeating last play command: Selected Viewport
[2020.12.02-14.21.40:606][634]LogPlayLevel: PlayLevel: No blueprints needed recompiling
[2020.12.02-14.21.40:606][634]PIE: New page: PIE session: InGame (2 Dec 2020, 14:21:40)
[2020.12.02-14.21.40:644][634]LogPlayLevel: Creating play world package: /Game/TopDownBP/Maps/UEDPIE_0_InGame
[2020.12.02-14.21.40:658][634]LogPlayLevel: PIE: StaticDuplicateObject took: (0.013649s)
[2020.12.02-14.21.40:659][634]LogAIModule: Creating AISystem for world InGame
[2020.12.02-14.21.40:659][634]LogAISub: UAISubsystem::UAISubsystem EnvQueryManager (000001DF40086200), frame # 16634
[2020.12.02-14.21.40:659][634]LogAISub: UAISubsystem::UAISubsystem AIPerceptionSystem (000001DF40092C00), frame # 16634
[2020.12.02-14.21.40:659][634]LogPlayLevel: PIE: World Init took: (0.000957s)
[2020.12.02-14.21.40:659][634]LogPlayLevel: PIE: Created PIE world by copying editor world from /Game/TopDownBP/Maps/InGame.InGame to /Game/TopDownBP/Maps/UEDPIE_0_InGame.InGame (0.014733s)
[2020.12.02-14.21.40:684][634]LogUObjectHash: Compacting FUObjectHashTables data took   2.34ms
[2020.12.02-14.21.40:685][634]LogAudioMixer: Display: Audio Mixer Platform Settings:
[2020.12.02-14.21.40:685][634]LogAudioMixer: Display: 	Sample Rate:						  48000
[2020.12.02-14.21.40:685][634]LogAudioMixer: Display: 	Callback Buffer Frame Size Requested: 1024
[2020.12.02-14.21.40:685][634]LogAudioMixer: Display: 	Callback Buffer Frame Size To Use:	  1024
[2020.12.02-14.21.40:685][634]LogAudioMixer: Display: 	Number of buffers to queue:			  2
[2020.12.02-14.21.40:686][634]LogAudioMixer: Display: 	Max Channels (voices):				  32
[2020.12.02-14.21.40:686][634]LogAudioMixer: Display: 	Number of Async Source Workers:		  0
[2020.12.02-14.21.40:686][634]LogAudio: Display: AudioDevice MaxSources: 32
[2020.12.02-14.21.40:686][634]LogAudio: Display: Using built-in audio occlusion.
[2020.12.02-14.21.40:686][634]LogAudioMixer: Display: Initializing audio mixer.
[2020.12.02-14.21.40:692][634]LogAudioMixer: Display: 0: FrontLeft
[2020.12.02-14.21.40:692][634]LogAudioMixer: Display: 1: FrontRight
[2020.12.02-14.21.40:713][634]LogAudioMixer: Display: Using Audio Device Speakers (4- Realtek High Definition Audio)
[2020.12.02-14.21.40:713][634]LogAudioMixer: Display: Initializing Sound Submixes...
[2020.12.02-14.21.40:713][634]LogAudioMixer: Display: Creating Master Submix 'MasterSubmixDefault'
[2020.12.02-14.21.40:713][634]LogAudioMixer: Display: Creating Master Submix 'MasterReverbSubmixDefault'
[2020.12.02-14.21.40:714][634]LogAudioMixer: Display: Creating Master Submix 'MasterEQSubmixDefault'
[2020.12.02-14.21.40:725][634]LogInit: FAudioDevice initialized.
[2020.12.02-14.21.40:733][634]LogLoad: Game class is 'TopDownGameMode_C'
[2020.12.02-14.21.40:735][634]LogWorld: Bringing World /Game/TopDownBP/Maps/UEDPIE_0_InGame.InGame up for play (max tick rate 0) at 2020.12.02-14.21.40
[2020.12.02-14.21.40:736][634]LogWorld: Bringing up level for play took: 0.002550
[2020.12.02-14.21.40:736][634]LogOnline: OSS: Creating online subsystem instance for: :Context_9
[2020.12.02-14.21.40:738][634]PIE: Server logged in
[2020.12.02-14.21.40:738][634]PIE: Play in editor total start time 0.135 seconds.
[2020.12.02-14.21.45:525][202]LogSlate: Updating window title bar state: overlay mode, drag disabled, window buttons hidden, title bar hidden
[2020.12.02-14.21.45:525][202]LogWorld: BeginTearingDown for /Game/TopDownBP/Maps/UEDPIE_0_InGame
[2020.12.02-14.21.45:525][202]LogWorld: UWorld::CleanupWorld for InGame, bSessionEnded=true, bCleanupResources=true
[2020.12.02-14.21.45:525][202]LogSlate: InvalidateAllWidgets triggered.  All widgets were invalidated
[2020.12.02-14.21.45:533][202]LogPlayLevel: Display: Shutting down PIE online subsystems
[2020.12.02-14.21.45:536][202]LogSlate: InvalidateAllWidgets triggered.  All widgets were invalidated
[2020.12.02-14.21.45:571][202]LogSlate: Updating window title bar state: overlay mode, drag disabled, window buttons hidden, title bar hidden
[2020.12.02-14.21.45:572][202]LogAISub: UAISubsystem::~UAISubsystem AIPerceptionSystem (000001DF40092C00), frame # 17202
[2020.12.02-14.21.45:572][202]LogAISub: UAISubsystem::~UAISubsystem EnvQueryManager (000001DF40086200), frame # 17202
[2020.12.02-14.21.45:574][202]LogUObjectHash: Compacting FUObjectHashTables data took   2.04ms
[2020.12.02-14.21.45:599][203]LogPlayLevel: Display: Destroying online subsystem :Context_9
[2020.12.02-14.21.52:286][977]LogActorFactory: Actor Factory created Box
[2020.12.02-14.21.53:023][ 65]LogActorFactory: Actor Factory created Box
[2020.12.02-14.22.21:792][424]LogTemp: Repeating last play command: Selected Viewport
[2020.12.02-14.22.21:807][424]LogPlayLevel: PlayLevel: No blueprints needed recompiling
[2020.12.02-14.22.21:807][424]PIE: New page: PIE session: InGame (2 Dec 2020, 14:22:21)
[2020.12.02-14.22.21:834][424]LogPlayLevel: Creating play world package: /Game/TopDownBP/Maps/UEDPIE_0_InGame
[2020.12.02-14.22.21:847][424]LogPlayLevel: PIE: StaticDuplicateObject took: (0.013856s)
[2020.12.02-14.22.21:848][424]LogAIModule: Creating AISystem for world InGame
[2020.12.02-14.22.21:848][424]LogAISub: UAISubsystem::UAISubsystem EnvQueryManager (000001DEC4884E00), frame # 21424
[2020.12.02-14.22.21:848][424]LogAISub: UAISubsystem::UAISubsystem AIPerceptionSystem (000001DF13525F80), frame # 21424
[2020.12.02-14.22.21:849][424]LogPlayLevel: PIE: World Init took: (0.001057s)
[2020.12.02-14.22.21:849][424]LogPlayLevel: PIE: Created PIE world by copying editor world from /Game/TopDownBP/Maps/InGame.InGame to /Game/TopDownBP/Maps/UEDPIE_0_InGame.InGame (0.015053s)
[2020.12.02-14.22.21:874][424]LogUObjectHash: Compacting FUObjectHashTables data took   2.03ms
[2020.12.02-14.22.21:876][424]LogAudioMixer: Display: Audio Mixer Platform Settings:
[2020.12.02-14.22.21:876][424]LogAudioMixer: Display: 	Sample Rate:						  48000
[2020.12.02-14.22.21:876][424]LogAudioMixer: Display: 	Callback Buffer Frame Size Requested: 1024
[2020.12.02-14.22.21:876][424]LogAudioMixer: Display: 	Callback Buffer Frame Size To Use:	  1024
[2020.12.02-14.22.21:876][424]LogAudioMixer: Display: 	Number of buffers to queue:			  2
[2020.12.02-14.22.21:876][424]LogAudioMixer: Display: 	Max Channels (voices):				  32
[2020.12.02-14.22.21:876][424]LogAudioMixer: Display: 	Number of Async Source Workers:		  0
[2020.12.02-14.22.21:876][424]LogAudio: Display: AudioDevice MaxSources: 32
[2020.12.02-14.22.21:876][424]LogAudio: Display: Using built-in audio occlusion.
[2020.12.02-14.22.21:876][424]LogAudioMixer: Display: Initializing audio mixer.
[2020.12.02-14.22.21:882][424]LogAudioMixer: Display: 0: FrontLeft
[2020.12.02-14.22.21:882][424]LogAudioMixer: Display: 1: FrontRight
[2020.12.02-14.22.21:903][424]LogAudioMixer: Display: Using Audio Device Speakers (4- Realtek High Definition Audio)
[2020.12.02-14.22.21:903][424]LogAudioMixer: Display: Initializing Sound Submixes...
[2020.12.02-14.22.21:903][424]LogAudioMixer: Display: Creating Master Submix 'MasterSubmixDefault'
[2020.12.02-14.22.21:904][424]LogAudioMixer: Display: Creating Master Submix 'MasterReverbSubmixDefault'
[2020.12.02-14.22.21:904][424]LogAudioMixer: Display: Creating Master Submix 'MasterEQSubmixDefault'
[2020.12.02-14.22.21:915][424]LogInit: FAudioDevice initialized.
[2020.12.02-14.22.21:920][424]LogLoad: Game class is 'TopDownGameMode_C'
[2020.12.02-14.22.21:923][424]LogWorld: Bringing World /Game/TopDownBP/Maps/UEDPIE_0_InGame.InGame up for play (max tick rate 0) at 2020.12.02-14.22.21
[2020.12.02-14.22.21:923][424]LogWorld: Bringing up level for play took: 0.002483
[2020.12.02-14.22.21:924][424]LogOnline: OSS: Creating online subsystem instance for: :Context_11
[2020.12.02-14.22.21:925][424]PIE: Server logged in
[2020.12.02-14.22.21:926][424]PIE: Play in editor total start time 0.119 seconds.
[2020.12.02-14.22.38:875][452]LogSlate: Updating window title bar state: overlay mode, drag disabled, window buttons hidden, title bar hidden
[2020.12.02-14.22.38:875][452]LogWorld: BeginTearingDown for /Game/TopDownBP/Maps/UEDPIE_0_InGame
[2020.12.02-14.22.38:875][452]LogWorld: UWorld::CleanupWorld for InGame, bSessionEnded=true, bCleanupResources=true
[2020.12.02-14.22.38:876][452]LogSlate: InvalidateAllWidgets triggered.  All widgets were invalidated
[2020.12.02-14.22.38:888][452]LogPlayLevel: Display: Shutting down PIE online subsystems
[2020.12.02-14.22.38:891][452]LogSlate: InvalidateAllWidgets triggered.  All widgets were invalidated
[2020.12.02-14.22.38:927][452]LogSlate: Updating window title bar state: overlay mode, drag disabled, window buttons hidden, title bar hidden
[2020.12.02-14.22.38:928][452]LogAISub: UAISubsystem::~UAISubsystem AIPerceptionSystem (000001DF13525F80), frame # 23452
[2020.12.02-14.22.38:928][452]LogAISub: UAISubsystem::~UAISubsystem EnvQueryManager (000001DEC4884E00), frame # 23452
[2020.12.02-14.22.38:930][452]LogUObjectHash: Compacting FUObjectHashTables data took   1.94ms
[2020.12.02-14.22.38:957][453]LogPlayLevel: Display: Destroying online subsystem :Context_11
[2020.12.02-14.22.40:057][565]LogTemp: Repeating last play command: Selected Viewport
[2020.12.02-14.22.40:068][565]LogPlayLevel: PlayLevel: No blueprints needed recompiling
[2020.12.02-14.22.40:068][565]PIE: New page: PIE session: InGame (2 Dec 2020, 14:22:40)
[2020.12.02-14.22.40:094][565]LogPlayLevel: Creating play world package: /Game/TopDownBP/Maps/UEDPIE_0_InGame
[2020.12.02-14.22.40:108][565]LogPlayLevel: PIE: StaticDuplicateObject took: (0.014153s)
[2020.12.02-14.22.40:109][565]LogAIModule: Creating AISystem for world InGame
[2020.12.02-14.22.40:109][565]LogAISub: UAISubsystem::UAISubsystem EnvQueryManager (000001DF30282400), frame # 23565
[2020.12.02-14.22.40:109][565]LogAISub: UAISubsystem::UAISubsystem AIPerceptionSystem (000001DF149C8E00), frame # 23565
[2020.12.02-14.22.40:109][565]LogPlayLevel: PIE: World Init took: (0.001192s)
[2020.12.02-14.22.40:109][565]LogPlayLevel: PIE: Created PIE world by copying editor world from /Game/TopDownBP/Maps/InGame.InGame to /Game/TopDownBP/Maps/UEDPIE_0_InGame.InGame (0.015499s)
[2020.12.02-14.22.40:133][565]LogUObjectHash: Compacting FUObjectHashTables data took   2.08ms
[2020.12.02-14.22.40:135][565]LogAudioMixer: Display: Audio Mixer Platform Settings:
[2020.12.02-14.22.40:135][565]LogAudioMixer: Display: 	Sample Rate:						  48000
[2020.12.02-14.22.40:135][565]LogAudioMixer: Display: 	Callback Buffer Frame Size Requested: 1024
[2020.12.02-14.22.40:135][565]LogAudioMixer: Display: 	Callback Buffer Frame Size To Use:	  1024
[2020.12.02-14.22.40:135][565]LogAudioMixer: Display: 	Number of buffers to queue:			  2
[2020.12.02-14.22.40:135][565]LogAudioMixer: Display: 	Max Channels (voices):				  32
[2020.12.02-14.22.40:135][565]LogAudioMixer: Display: 	Number of Async Source Workers:		  0
[2020.12.02-14.22.40:135][565]LogAudio: Display: AudioDevice MaxSources: 32
[2020.12.02-14.22.40:135][565]LogAudio: Display: Using built-in audio occlusion.
[2020.12.02-14.22.40:135][565]LogAudioMixer: Display: Initializing audio mixer.
[2020.12.02-14.22.40:141][565]LogAudioMixer: Display: 0: FrontLeft
[2020.12.02-14.22.40:141][565]LogAudioMixer: Display: 1: FrontRight
[2020.12.02-14.22.40:162][565]LogAudioMixer: Display: Using Audio Device Speakers (4- Realtek High Definition Audio)
[2020.12.02-14.22.40:162][565]LogAudioMixer: Display: Initializing Sound Submixes...
[2020.12.02-14.22.40:162][565]LogAudioMixer: Display: Creating Master Submix 'MasterSubmixDefault'
[2020.12.02-14.22.40:162][565]LogAudioMixer: Display: Creating Master Submix 'MasterReverbSubmixDefault'
[2020.12.02-14.22.40:163][565]LogAudioMixer: Display: Creating Master Submix 'MasterEQSubmixDefault'
[2020.12.02-14.22.40:173][565]LogInit: FAudioDevice initialized.
[2020.12.02-14.22.40:181][565]LogLoad: Game class is 'TopDownGameMode_C'
[2020.12.02-14.22.40:184][565]LogWorld: Bringing World /Game/TopDownBP/Maps/UEDPIE_0_InGame.InGame up for play (max tick rate 0) at 2020.12.02-14.22.40
[2020.12.02-14.22.40:184][565]LogWorld: Bringing up level for play took: 0.002720
[2020.12.02-14.22.40:185][565]LogOnline: OSS: Creating online subsystem instance for: :Context_12
[2020.12.02-14.22.40:186][565]PIE: Server logged in
[2020.12.02-14.22.40:187][565]PIE: Play in editor total start time 0.119 seconds.
[2020.12.02-14.22.42:604][847]LogSlate: Updating window title bar state: overlay mode, drag disabled, window buttons hidden, title bar hidden
[2020.12.02-14.22.42:605][847]LogWorld: BeginTearingDown for /Game/TopDownBP/Maps/UEDPIE_0_InGame
[2020.12.02-14.22.42:605][847]LogWorld: UWorld::CleanupWorld for InGame, bSessionEnded=true, bCleanupResources=true
[2020.12.02-14.22.42:605][847]LogSlate: InvalidateAllWidgets triggered.  All widgets were invalidated
[2020.12.02-14.22.42:614][847]LogPlayLevel: Display: Shutting down PIE online subsystems
[2020.12.02-14.22.42:617][847]LogSlate: InvalidateAllWidgets triggered.  All widgets were invalidated
[2020.12.02-14.22.42:638][847]LogSlate: Updating window title bar state: overlay mode, drag disabled, window buttons hidden, title bar hidden
[2020.12.02-14.22.42:653][847]LogAISub: UAISubsystem::~UAISubsystem AIPerceptionSystem (000001DF149C8E00), frame # 23847
[2020.12.02-14.22.42:653][847]LogAISub: UAISubsystem::~UAISubsystem EnvQueryManager (000001DF30282400), frame # 23847
[2020.12.02-14.22.42:655][847]LogUObjectHash: Compacting FUObjectHashTables data took   1.92ms
[2020.12.02-14.22.42:679][848]LogPlayLevel: Display: Destroying online subsystem :Context_12
[2020.12.02-14.22.43:575][954]LogEditorViewport: Clicking on Actor (LMB): Lemming_AI_C (Lemming_AI)
[2020.12.02-14.22.50:408][746]BlueprintLog: New page: Compile Lemming_AI
[2020.12.02-14.22.50:509][746]LogUObjectHash: Compacting FUObjectHashTables data took   2.35ms
[2020.12.02-14.22.54:902][ 29]LogTemp: Repeating last play command: Selected Viewport
[2020.12.02-14.22.54:917][ 29]LogPlayLevel: PlayLevel: No blueprints needed recompiling
[2020.12.02-14.22.54:917][ 29]PIE: New page: PIE session: InGame (2 Dec 2020, 14:22:54)
[2020.12.02-14.22.54:944][ 29]LogPlayLevel: Creating play world package: /Game/TopDownBP/Maps/UEDPIE_0_InGame
[2020.12.02-14.22.54:958][ 29]LogPlayLevel: PIE: StaticDuplicateObject took: (0.014090s)
[2020.12.02-14.22.54:959][ 29]LogAIModule: Creating AISystem for world InGame
[2020.12.02-14.22.54:959][ 29]LogAISub: UAISubsystem::UAISubsystem EnvQueryManager (000001DF300ABA00), frame # 25029
[2020.12.02-14.22.54:959][ 29]LogAISub: UAISubsystem::UAISubsystem AIPerceptionSystem (000001DF144EB880), frame # 25029
[2020.12.02-14.22.54:959][ 29]LogPlayLevel: PIE: World Init took: (0.001048s)
[2020.12.02-14.22.54:959][ 29]LogPlayLevel: PIE: Created PIE world by copying editor world from /Game/TopDownBP/Maps/InGame.InGame to /Game/TopDownBP/Maps/UEDPIE_0_InGame.InGame (0.015269s)
[2020.12.02-14.22.55:002][ 29]LogUObjectHash: Compacting FUObjectHashTables data took   2.22ms
[2020.12.02-14.22.55:003][ 29]LogAudioMixer: Display: Audio Mixer Platform Settings:
[2020.12.02-14.22.55:003][ 29]LogAudioMixer: Display: 	Sample Rate:						  48000
[2020.12.02-14.22.55:003][ 29]LogAudioMixer: Display: 	Callback Buffer Frame Size Requested: 1024
[2020.12.02-14.22.55:003][ 29]LogAudioMixer: Display: 	Callback Buffer Frame Size To Use:	  1024
[2020.12.02-14.22.55:003][ 29]LogAudioMixer: Display: 	Number of buffers to queue:			  2
[2020.12.02-14.22.55:003][ 29]LogAudioMixer: Display: 	Max Channels (voices):				  32
[2020.12.02-14.22.55:003][ 29]LogAudioMixer: Display: 	Number of Async Source Workers:		  0
[2020.12.02-14.22.55:003][ 29]LogAudio: Display: AudioDevice MaxSources: 32
[2020.12.02-14.22.55:004][ 29]LogAudio: Display: Using built-in audio occlusion.
[2020.12.02-14.22.55:004][ 29]LogAudioMixer: Display: Initializing audio mixer.
[2020.12.02-14.22.55:009][ 29]LogAudioMixer: Display: 0: FrontLeft
[2020.12.02-14.22.55:009][ 29]LogAudioMixer: Display: 1: FrontRight
[2020.12.02-14.22.55:031][ 29]LogAudioMixer: Display: Using Audio Device Speakers (4- Realtek High Definition Audio)
[2020.12.02-14.22.55:031][ 29]LogAudioMixer: Display: Initializing Sound Submixes...
[2020.12.02-14.22.55:031][ 29]LogAudioMixer: Display: Creating Master Submix 'MasterSubmixDefault'
[2020.12.02-14.22.55:031][ 29]LogAudioMixer: Display: Creating Master Submix 'MasterReverbSubmixDefault'
[2020.12.02-14.22.55:032][ 29]LogAudioMixer: Display: Creating Master Submix 'MasterEQSubmixDefault'
[2020.12.02-14.22.55:041][ 29]LogInit: FAudioDevice initialized.
[2020.12.02-14.22.55:050][ 29]LogLoad: Game class is 'TopDownGameMode_C'
[2020.12.02-14.22.55:053][ 29]LogWorld: Bringing World /Game/TopDownBP/Maps/UEDPIE_0_InGame.InGame up for play (max tick rate 0) at 2020.12.02-14.22.55
[2020.12.02-14.22.55:054][ 29]LogWorld: Bringing up level for play took: 0.002663
[2020.12.02-14.22.55:054][ 29]LogOnline: OSS: Creating online subsystem instance for: :Context_13
[2020.12.02-14.22.55:056][ 29]PIE: Server logged in
[2020.12.02-14.22.55:057][ 29]PIE: Play in editor total start time 0.142 seconds.
[2020.12.02-14.22.57:875][361]LogSlate: Updating window title bar state: overlay mode, drag disabled, window buttons hidden, title bar hidden
[2020.12.02-14.22.57:875][361]LogWorld: BeginTearingDown for /Game/TopDownBP/Maps/UEDPIE_0_InGame
[2020.12.02-14.22.57:875][361]LogWorld: UWorld::CleanupWorld for InGame, bSessionEnded=true, bCleanupResources=true
[2020.12.02-14.22.57:876][361]LogSlate: InvalidateAllWidgets triggered.  All widgets were invalidated
[2020.12.02-14.22.57:885][361]LogPlayLevel: Display: Shutting down PIE online subsystems
[2020.12.02-14.22.57:888][361]LogSlate: InvalidateAllWidgets triggered.  All widgets were invalidated
[2020.12.02-14.22.57:922][361]LogSlate: Updating window title bar state: overlay mode, drag disabled, window buttons hidden, title bar hidden
[2020.12.02-14.22.57:923][361]LogAISub: UAISubsystem::~UAISubsystem AIPerceptionSystem (000001DF144EB880), frame # 25361
[2020.12.02-14.22.57:923][361]LogAISub: UAISubsystem::~UAISubsystem EnvQueryManager (000001DF300ABA00), frame # 25361
[2020.12.02-14.22.57:925][361]LogUObjectHash: Compacting FUObjectHashTables data took   1.91ms
[2020.12.02-14.22.57:950][362]LogPlayLevel: Display: Destroying online subsystem :Context_13
[2020.12.02-14.23.03:538][ 11]LogUObjectHash: Compacting FUObjectHashTables data took   1.85ms
[2020.12.02-14.23.03:623][ 11]LogUObjectHash: Compacting FUObjectHashTables data took   0.46ms
[2020.12.02-14.23.03:678][ 11]LogSavePackage: Moving '../../../../../../Users/benca/Documents/GitHub/GameJamNov2020/Lemmings/Saved/InGame8A8455194FA7F7C20717B29B9EAEC886.tmp' to '../../../../../../Users/benca/Documents/GitHub/GameJamNov2020/Lemmings/Content/TopDownBP/Maps/InGame.umap'
[2020.12.02-14.23.03:704][ 11]LogFileHelpers: Saving map 'InGame' took 0.103
[2020.12.02-14.23.03:838][ 11]LogSavePackage: Moving '../../../../../../Users/benca/Documents/GitHub/GameJamNov2020/Lemmings/Saved/InGame_BuiltData33F5A9FE4876289EE080058DF17DCA67.tmp' to '../../../../../../Users/benca/Documents/GitHub/GameJamNov2020/Lemmings/Content/TopDownBP/Maps/InGame_BuiltData.uasset'
[2020.12.02-14.23.03:851][ 11]Cmd: OBJ SAVEPACKAGE PACKAGE="/Game/TopDownBP/AI/Lemming_AI" FILE="../../../../../../Users/benca/Documents/GitHub/GameJamNov2020/Lemmings/Content/TopDownBP/AI/Lemming_AI.uasset" SILENT=true
[2020.12.02-14.23.03:882][ 11]LogSavePackage: Moving '../../../../../../Users/benca/Documents/GitHub/GameJamNov2020/Lemmings/Saved/Lemming_AI8B6F372644D229DE75B6C3A91E91F608.tmp' to '../../../../../../Users/benca/Documents/GitHub/GameJamNov2020/Lemmings/Content/TopDownBP/AI/Lemming_AI.uasset'
[2020.12.02-14.23.03:943][ 11]LogSavePackage: Moving '../../../../../../Users/benca/Documents/GitHub/GameJamNov2020/Lemmings/Saved/TopDownCharacterC33BBE2343456E9383C0B481C4638313.tmp' to '../../../../../../Users/benca/Documents/GitHub/GameJamNov2020/Lemmings/Content/TopDownBP/Blueprints/TopDownCharacter.uasset'
[2020.12.02-14.23.04:023][ 11]LogSavePackage: Moving '../../../../../../Users/benca/Documents/GitHub/GameJamNov2020/Lemmings/Saved/InGame_BuiltData0E58F1E547FDDC601D32878C3E96BECA.tmp' to '../../../../../../Users/benca/Documents/GitHub/GameJamNov2020/Lemmings/Content/TopDownBP/Maps/InGame_BuiltData.uasset'
[2020.12.02-14.23.04:090][ 11]AssetCheck: New page: Asset Save: multiple assets
[2020.12.02-14.23.04:091][ 11]LogContentValidation: Display: Validating World /Game/TopDownBP/Maps/InGame.InGame
[2020.12.02-14.23.04:091][ 11]LogContentValidation: Display: Validating MapBuildDataRegistry /Game/TopDownBP/Maps/InGame_BuiltData.InGame_BuiltData
[2020.12.02-14.23.04:091][ 11]LogContentValidation: Display: Validating Blueprint /Game/TopDownBP/AI/Lemming_AI.Lemming_AI
[2020.12.02-14.23.04:091][ 11]LogContentValidation: Display: Validating Blueprint /Game/TopDownBP/Blueprints/TopDownCharacter.TopDownCharacter
